[ 31809.491] (--) Log file renamed from "/home/dci-student/.local/share/xorg/Xorg.pid-80232.log" to "/home/dci-student/.local/share/xorg/Xorg.0.log"
[ 31809.492] 
X.Org X Server 1.20.13
X Protocol Version 11, Revision 0
[ 31809.492] Build Operating System: linux Ubuntu
[ 31809.492] Current Operating System: Linux dcistudent-ThinkPad-L15-Gen-3 5.15.0-69-generic #76~20.04.1-Ubuntu SMP Mon Mar 20 15:54:19 UTC 2023 x86_64
[ 31809.492] Kernel command line: BOOT_IMAGE=/boot/vmlinuz-5.15.0-69-generic root=UUID=5c530978-4071-4af6-821c-adb9d5e9b7a2 ro quiet splash vt.handoff=7
[ 31809.492] Build Date: 29 March 2023  12:53:02PM
[ 31809.492] xorg-server 2:1.20.13-1ubuntu1~20.04.8 (For technical support please see http://www.ubuntu.com/support) 
[ 31809.492] Current version of pixman: 0.38.4
[ 31809.492] 	Before reporting problems, check http://wiki.x.org
	to make sure that you have the latest version.
[ 31809.492] Markers: (--) probed, (**) from config file, (==) default setting,
	(++) from command line, (!!) notice, (II) informational,
	(WW) warning, (EE) error, (NI) not implemented, (??) unknown.
[ 31809.492] (==) Log file: "/home/dci-student/.local/share/xorg/Xorg.0.log", Time: Tue Jun  6 08:49:36 2023
[ 31809.493] (==) Using system config directory "/usr/share/X11/xorg.conf.d"
[ 31809.493] (==) No Layout section.  Using the first Screen section.
[ 31809.493] (==) No screen section available. Using defaults.
[ 31809.493] (**) |-->Screen "Default Screen Section" (0)
[ 31809.493] (**) |   |-->Monitor "<default monitor>"
[ 31809.493] (==) No monitor specified for screen "Default Screen Section".
	Using a default monitor configuration.
[ 31809.493] (==) Automatically adding devices
[ 31809.493] (==) Automatically enabling devices
[ 31809.493] (==) Automatically adding GPU devices
[ 31809.493] (==) Automatically binding GPU devices
[ 31809.493] (==) Max clients allowed: 256, resource mask: 0x1fffff
[ 31809.493] (WW) The directory "/usr/share/fonts/X11/cyrillic" does not exist.
[ 31809.493] 	Entry deleted from font path.
[ 31809.493] (WW) The directory "/usr/share/fonts/X11/100dpi/" does not exist.
[ 31809.493] 	Entry deleted from font path.
[ 31809.493] (WW) The directory "/usr/share/fonts/X11/75dpi/" does not exist.
[ 31809.493] 	Entry deleted from font path.
[ 31809.493] (WW) The directory "/usr/share/fonts/X11/100dpi" does not exist.
[ 31809.493] 	Entry deleted from font path.
[ 31809.493] (WW) The directory "/usr/share/fonts/X11/75dpi" does not exist.
[ 31809.493] 	Entry deleted from font path.
[ 31809.493] (==) FontPath set to:
	/usr/share/fonts/X11/misc,
	/usr/share/fonts/X11/Type1,
	built-ins
[ 31809.493] (==) ModulePath set to "/usr/lib/xorg/modules"
[ 31809.493] (II) The server relies on udev to provide the list of input devices.
	If no devices become available, reconfigure udev or disable AutoAddDevices.
[ 31809.493] (II) Loader magic: 0x55635a9f3020
[ 31809.493] (II) Module ABI versions:
[ 31809.493] 	X.Org ANSI C Emulation: 0.4
[ 31809.493] 	X.Org Video Driver: 24.1
[ 31809.493] 	X.Org XInput driver : 24.1
[ 31809.493] 	X.Org Server Extension : 10.0
[ 31809.495] (++) using VT number 2

[ 31809.497] (II) systemd-logind: took control of session /org/freedesktop/login1/session/_328
[ 31809.498] (II) xfree86: Adding drm device (/dev/dri/card0)
[ 31809.498] (II) systemd-logind: got fd for /dev/dri/card0 226:0 fd 12 paused 0
[ 31809.500] (--) PCI:*(0@0:2:0) 8086:4628:17aa:50ac rev 12, Mem @ 0x601c000000/16777216, 0x4000000000/268435456, I/O @ 0x00003000/64, BIOS @ 0x????????/131072
[ 31809.500] (II) LoadModule: "glx"
[ 31809.501] (II) Loading /usr/lib/xorg/modules/extensions/libglx.so
[ 31809.502] (II) Module glx: vendor="X.Org Foundation"
[ 31809.502] 	compiled for 1.20.13, module version = 1.0.0
[ 31809.502] 	ABI class: X.Org Server Extension, version 10.0
[ 31809.502] (==) Matched modesetting as autoconfigured driver 0
[ 31809.502] (==) Matched fbdev as autoconfigured driver 1
[ 31809.502] (==) Matched vesa as autoconfigured driver 2
[ 31809.502] (==) Assigned the driver to the xf86ConfigLayout
[ 31809.502] (II) LoadModule: "modesetting"
[ 31809.502] (II) Loading /usr/lib/xorg/modules/drivers/modesetting_drv.so
[ 31809.502] (II) Module modesetting: vendor="X.Org Foundation"
[ 31809.502] 	compiled for 1.20.13, module version = 1.20.13
[ 31809.502] 	Module class: X.Org Video Driver
[ 31809.502] 	ABI class: X.Org Video Driver, version 24.1
[ 31809.502] (II) LoadModule: "fbdev"
[ 31809.502] (II) Loading /usr/lib/xorg/modules/drivers/fbdev_drv.so
[ 31809.502] (II) Module fbdev: vendor="X.Org Foundation"
[ 31809.502] 	compiled for 1.20.1, module version = 0.5.0
[ 31809.502] 	Module class: X.Org Video Driver
[ 31809.502] 	ABI class: X.Org Video Driver, version 24.0
[ 31809.502] (II) LoadModule: "vesa"
[ 31809.502] (II) Loading /usr/lib/xorg/modules/drivers/vesa_drv.so
[ 31809.502] (II) Module vesa: vendor="X.Org Foundation"
[ 31809.502] 	compiled for 1.20.4, module version = 2.4.0
[ 31809.502] 	Module class: X.Org Video Driver
[ 31809.502] 	ABI class: X.Org Video Driver, version 24.0
[ 31809.502] (II) modesetting: Driver for Modesetting Kernel Drivers: kms
[ 31809.502] (II) FBDEV: driver for framebuffer: fbdev
[ 31809.502] (II) VESA: driver for VESA chipsets: vesa
[ 31809.502] xf86EnableIOPorts: failed to set IOPL for I/O (Operation not permitted)
[ 31809.502] (II) modeset(0): using drv /dev/dri/card0
[ 31809.502] (WW) Falling back to old probe method for fbdev
[ 31809.502] (II) Loading sub module "fbdevhw"
[ 31809.502] (II) LoadModule: "fbdevhw"
[ 31809.503] (II) Loading /usr/lib/xorg/modules/libfbdevhw.so
[ 31809.503] (II) Module fbdevhw: vendor="X.Org Foundation"
[ 31809.503] 	compiled for 1.20.13, module version = 0.0.2
[ 31809.503] 	ABI class: X.Org Video Driver, version 24.1
[ 31809.503] (EE) open /dev/fb0: Permission denied
[ 31809.503] (WW) VGA arbiter: cannot open kernel arbiter, no multi-card support
[ 31809.503] (II) modeset(0): Creating default Display subsection in Screen section
	"Default Screen Section" for depth/fbbpp 24/32
[ 31809.503] (==) modeset(0): Depth 24, (==) framebuffer bpp 32
[ 31809.503] (==) modeset(0): RGB weight 888
[ 31809.503] (==) modeset(0): Default visual is TrueColor
[ 31809.503] (II) Loading sub module "glamoregl"
[ 31809.503] (II) LoadModule: "glamoregl"
[ 31809.503] (II) Loading /usr/lib/xorg/modules/libglamoregl.so
[ 31809.504] (II) Module glamoregl: vendor="X.Org Foundation"
[ 31809.504] 	compiled for 1.20.13, module version = 1.0.1
[ 31809.504] 	ABI class: X.Org ANSI C Emulation, version 0.4
[ 31809.519] (II) modeset(0): glamor X acceleration enabled on Mesa Intel(R) Graphics (ADL GT2)
[ 31809.519] (II) modeset(0): glamor initialized
[ 31809.520] (II) modeset(0): Output eDP-1 has no monitor section
[ 31809.520] (II) modeset(0): Output HDMI-1 has no monitor section
[ 31809.523] (II) modeset(0): Output DP-1 has no monitor section
[ 31809.523] (II) modeset(0): Output DP-2 has no monitor section
[ 31809.524] (II) modeset(0): Output DP-3 has no monitor section
[ 31809.526] (II) modeset(0): Output DP-4 has no monitor section
[ 31809.528] (II) modeset(0): EDID for output eDP-1
[ 31809.528] (II) modeset(0): Manufacturer: CMN  Model: 1512  Serial#: 0
[ 31809.528] (II) modeset(0): Year: 2019  Week: 48
[ 31809.528] (II) modeset(0): EDID Version: 1.4
[ 31809.528] (II) modeset(0): Digital Display Input
[ 31809.528] (II) modeset(0): 8 bits per channel
[ 31809.528] (II) modeset(0): Digital interface is DisplayPort
[ 31809.528] (II) modeset(0): Max Image Size [cm]: horiz.: 34  vert.: 19
[ 31809.528] (II) modeset(0): Gamma: 2.20
[ 31809.528] (II) modeset(0): No DPMS capabilities specified
[ 31809.528] (II) modeset(0): Supported color encodings: RGB 4:4:4 
[ 31809.528] (II) modeset(0): First detailed timing is preferred mode
[ 31809.528] (II) modeset(0): Preferred mode is native pixel format and refresh rate
[ 31809.528] (II) modeset(0): Display is continuous-frequency
[ 31809.528] (II) modeset(0): redX: 0.590 redY: 0.350   greenX: 0.330 greenY: 0.555
[ 31809.528] (II) modeset(0): blueX: 0.153 blueY: 0.119   whiteX: 0.313 whiteY: 0.329
[ 31809.528] (II) modeset(0): Manufacturer's mask: 0
[ 31809.528] (II) modeset(0): Supported detailed timing:
[ 31809.528] (II) modeset(0): clock: 138.8 MHz   Image Size:  344 x 193 mm
[ 31809.528] (II) modeset(0): h_active: 1920  h_sync: 1968  h_sync_end 2000 h_blank_end 2080 h_border: 0
[ 31809.528] (II) modeset(0): v_active: 1080  v_sync: 1090  v_sync_end 1095 v_blanking: 1112 v_border: 0
[ 31809.528] (II) modeset(0):  N156HCA-E5B
[ 31809.528] (II) modeset(0):  CMN
[ 31809.528] (II) modeset(0):  N156HCA-E5B
[ 31809.528] (II) modeset(0): EDID (in hex):
[ 31809.528] (II) modeset(0): 	00ffffffffffff000dae121500000000
[ 31809.528] (II) modeset(0): 	301d0104a52213780328659759548e27
[ 31809.528] (II) modeset(0): 	1e505400000001010101010101010101
[ 31809.528] (II) modeset(0): 	010101010101363680a0703820403020
[ 31809.528] (II) modeset(0): 	a50058c110000018000000fe004e3135
[ 31809.528] (II) modeset(0): 	364843412d4535420a20000000fe0043
[ 31809.528] (II) modeset(0): 	4d4e0a202020202020202020000000fe
[ 31809.528] (II) modeset(0): 	004e3135364843412d4535420a2000c7
[ 31809.528] (II) modeset(0): Printing probed modes for output eDP-1
[ 31809.528] (II) modeset(0): Modeline "1920x1080"x60.0  138.78  1920 1968 2000 2080  1080 1090 1095 1112 -hsync -vsync (66.7 kHz eP)
[ 31809.528] (II) modeset(0): Modeline "1920x1080"x119.9  266.50  1920 1944 1960 2000  1080 1081 1084 1111 doublescan +hsync -vsync (133.2 kHz d)
[ 31809.528] (II) modeset(0): Modeline "1920x1080"x60.0  173.00  1920 2048 2248 2576  1080 1083 1088 1120 -hsync +vsync (67.2 kHz d)
[ 31809.528] (II) modeset(0): Modeline "1920x1080"x59.9  138.50  1920 1968 2000 2080  1080 1083 1088 1111 +hsync -vsync (66.6 kHz d)
[ 31809.528] (II) modeset(0): Modeline "1680x1050"x60.0  146.25  1680 1784 1960 2240  1050 1053 1059 1089 -hsync +vsync (65.3 kHz d)
[ 31809.528] (II) modeset(0): Modeline "1680x1050"x59.9  119.00  1680 1728 1760 1840  1050 1053 1059 1080 +hsync -vsync (64.7 kHz d)
[ 31809.528] (II) modeset(0): Modeline "1600x1024"x60.2  103.12  1600 1600 1656 1664  1024 1024 1029 1030 +hsync +vsync (62.0 kHz d)
[ 31809.528] (II) modeset(0): Modeline "1400x1050"x60.0  122.00  1400 1488 1640 1880  1050 1052 1064 1082 +hsync +vsync (64.9 kHz d)
[ 31809.528] (II) modeset(0): Modeline "1600x900"x120.0  246.00  1600 1728 1900 2200  900 901 904 932 doublescan -hsync +vsync (111.8 kHz d)
[ 31809.528] (II) modeset(0): Modeline "1600x900"x119.9  186.50  1600 1624 1640 1680  900 901 904 926 doublescan +hsync -vsync (111.0 kHz d)
[ 31809.528] (II) modeset(0): Modeline "1600x900"x59.9  118.25  1600 1696 1856 2112  900 903 908 934 -hsync +vsync (56.0 kHz d)
[ 31809.528] (II) modeset(0): Modeline "1600x900"x59.8   97.50  1600 1648 1680 1760  900 903 908 926 +hsync -vsync (55.4 kHz d)
[ 31809.528] (II) modeset(0): Modeline "1280x1024"x60.0  108.00  1280 1328 1440 1688  1024 1025 1028 1066 +hsync +vsync (64.0 kHz d)
[ 31809.528] (II) modeset(0): Modeline "1440x900"x59.9  106.50  1440 1520 1672 1904  900 903 909 934 -hsync +vsync (55.9 kHz d)
[ 31809.528] (II) modeset(0): Modeline "1400x900"x60.0  103.50  1400 1480 1624 1848  900 903 913 934 -hsync +vsync (56.0 kHz d)
[ 31809.528] (II) modeset(0): Modeline "1400x900"x59.9   86.50  1400 1448 1480 1560  900 903 913 926 +hsync -vsync (55.4 kHz d)
[ 31809.528] (II) modeset(0): Modeline "1280x960"x60.0  108.00  1280 1376 1488 1800  960 961 964 1000 +hsync +vsync (60.0 kHz d)
[ 31809.528] (II) modeset(0): Modeline "1440x810"x120.0  198.12  1440 1548 1704 1968  810 811 814 839 doublescan -hsync +vsync (100.7 kHz d)
[ 31809.528] (II) modeset(0): Modeline "1440x810"x119.9  151.88  1440 1464 1480 1520  810 811 814 833 doublescan +hsync -vsync (99.9 kHz d)
[ 31809.528] (II) modeset(0): Modeline "1368x768"x59.9   85.25  1368 1440 1576 1784  768 771 781 798 -hsync +vsync (47.8 kHz d)
[ 31809.528] (II) modeset(0): Modeline "1368x768"x59.9   72.25  1368 1416 1448 1528  768 771 781 790 +hsync -vsync (47.3 kHz d)
[ 31809.528] (II) modeset(0): Modeline "1360x768"x59.8   84.75  1360 1432 1568 1776  768 771 781 798 -hsync +vsync (47.7 kHz d)
[ 31809.528] (II) modeset(0): Modeline "1360x768"x60.0   72.00  1360 1408 1440 1520  768 771 781 790 +hsync -vsync (47.4 kHz d)
[ 31809.528] (II) modeset(0): Modeline "1280x800"x120.0  174.25  1280 1380 1516 1752  800 801 804 829 doublescan -hsync +vsync (99.5 kHz d)
[ 31809.528] (II) modeset(0): Modeline "1280x800"x119.9  134.25  1280 1304 1320 1360  800 801 804 823 doublescan +hsync -vsync (98.7 kHz d)
[ 31809.528] (II) modeset(0): Modeline "1280x800"x59.8   83.50  1280 1352 1480 1680  800 803 809 831 -hsync +vsync (49.7 kHz d)
[ 31809.528] (II) modeset(0): Modeline "1280x800"x59.9   71.00  1280 1328 1360 1440  800 803 809 823 +hsync -vsync (49.3 kHz d)
[ 31809.528] (II) modeset(0): Modeline "1152x864"x60.0   81.62  1152 1216 1336 1520  864 865 868 895 -hsync +vsync (53.7 kHz d)
[ 31809.528] (II) modeset(0): Modeline "1280x720"x120.0  156.12  1280 1376 1512 1744  720 721 724 746 doublescan -hsync +vsync (89.5 kHz d)
[ 31809.528] (II) modeset(0): Modeline "1280x720"x120.0  120.75  1280 1304 1320 1360  720 721 724 740 doublescan +hsync -vsync (88.8 kHz d)
[ 31809.528] (II) modeset(0): Modeline "1280x720"x59.9   74.50  1280 1344 1472 1664  720 723 728 748 -hsync +vsync (44.8 kHz d)
[ 31809.528] (II) modeset(0): Modeline "1280x720"x59.7   63.75  1280 1328 1360 1440  720 723 728 741 +hsync -vsync (44.3 kHz d)
[ 31809.528] (II) modeset(0): Modeline "1024x768"x120.1  133.47  1024 1100 1212 1400  768 768 770 794 doublescan -hsync +vsync (95.3 kHz d)
[ 31809.528] (II) modeset(0): Modeline "1024x768"x60.0   65.00  1024 1048 1184 1344  768 771 777 806 -hsync -vsync (48.4 kHz d)
[ 31809.528] (II) modeset(0): Modeline "960x720"x120.0  117.00  960 1024 1128 1300  720 720 722 750 doublescan -hsync +vsync (90.0 kHz d)
[ 31809.528] (II) modeset(0): Modeline "928x696"x120.1  109.15  928 976 1088 1264  696 696 698 719 doublescan -hsync +vsync (86.4 kHz d)
[ 31809.528] (II) modeset(0): Modeline "896x672"x120.0  102.40  896 960 1060 1224  672 672 674 697 doublescan -hsync +vsync (83.7 kHz d)
[ 31809.528] (II) modeset(0): Modeline "1024x576"x119.9   98.50  1024 1092 1200 1376  576 577 580 597 doublescan -hsync +vsync (71.6 kHz d)
[ 31809.528] (II) modeset(0): Modeline "1024x576"x119.9   78.38  1024 1048 1064 1104  576 577 580 592 doublescan +hsync -vsync (71.0 kHz d)
[ 31809.528] (II) modeset(0): Modeline "1024x576"x59.9   46.50  1024 1064 1160 1296  576 579 584 599 -hsync +vsync (35.9 kHz d)
[ 31809.528] (II) modeset(0): Modeline "1024x576"x59.8   42.00  1024 1072 1104 1184  576 579 584 593 +hsync -vsync (35.5 kHz d)
[ 31809.528] (II) modeset(0): Modeline "960x600"x119.9   96.62  960 1028 1128 1296  600 601 604 622 doublescan -hsync +vsync (74.6 kHz d)
[ 31809.528] (II) modeset(0): Modeline "960x600"x120.0   77.00  960 984 1000 1040  600 601 604 617 doublescan +hsync -vsync (74.0 kHz d)
[ 31809.528] (II) modeset(0): Modeline "960x540"x119.9   86.50  960 1024 1124 1288  540 541 544 560 doublescan -hsync +vsync (67.2 kHz d)
[ 31809.528] (II) modeset(0): Modeline "960x540"x120.0   69.25  960 984 1000 1040  540 541 544 555 doublescan +hsync -vsync (66.6 kHz d)
[ 31809.528] (II) modeset(0): Modeline "960x540"x59.6   40.75  960 992 1088 1216  540 543 548 562 -hsync +vsync (33.5 kHz d)
[ 31809.528] (II) modeset(0): Modeline "960x540"x59.8   37.25  960 1008 1040 1120  540 543 548 556 +hsync -vsync (33.3 kHz d)
[ 31809.529] (II) modeset(0): Modeline "800x600"x120.0   81.00  800 832 928 1080  600 600 602 625 doublescan +hsync +vsync (75.0 kHz d)
[ 31809.529] (II) modeset(0): Modeline "800x600"x60.3   40.00  800 840 968 1056  600 601 605 628 +hsync +vsync (37.9 kHz d)
[ 31809.529] (II) modeset(0): Modeline "800x600"x56.2   36.00  800 824 896 1024  600 601 603 625 +hsync +vsync (35.2 kHz d)
[ 31809.529] (II) modeset(0): Modeline "840x525"x120.0   73.12  840 892 980 1120  525 526 529 544 doublescan -hsync +vsync (65.3 kHz d)
[ 31809.529] (II) modeset(0): Modeline "840x525"x119.8   59.50  840 864 880 920  525 526 529 540 doublescan +hsync -vsync (64.7 kHz d)
[ 31809.529] (II) modeset(0): Modeline "864x486"x59.9   32.50  864 888 968 1072  486 489 494 506 -hsync +vsync (30.3 kHz d)
[ 31809.529] (II) modeset(0): Modeline "864x486"x59.6   30.50  864 912 944 1024  486 489 494 500 +hsync -vsync (29.8 kHz d)
[ 31809.529] (II) modeset(0): Modeline "800x512"x120.3   51.56  800 800 828 832  512 512 514 515 doublescan +hsync +vsync (62.0 kHz d)
[ 31809.529] (II) modeset(0): Modeline "700x525"x120.0   61.00  700 744 820 940  525 526 532 541 doublescan +hsync +vsync (64.9 kHz d)
[ 31809.529] (II) modeset(0): Modeline "800x450"x119.9   59.12  800 848 928 1056  450 451 454 467 doublescan -hsync +vsync (56.0 kHz d)
[ 31809.529] (II) modeset(0): Modeline "800x450"x119.6   48.75  800 824 840 880  450 451 454 463 doublescan +hsync -vsync (55.4 kHz d)
[ 31809.529] (II) modeset(0): Modeline "640x512"x120.0   54.00  640 664 720 844  512 512 514 533 doublescan +hsync +vsync (64.0 kHz d)
[ 31809.529] (II) modeset(0): Modeline "720x450"x119.8   53.25  720 760 836 952  450 451 454 467 doublescan -hsync +vsync (55.9 kHz d)
[ 31809.529] (II) modeset(0): Modeline "700x450"x119.9   51.75  700 740 812 924  450 451 456 467 doublescan -hsync +vsync (56.0 kHz d)
[ 31809.529] (II) modeset(0): Modeline "700x450"x119.8   43.25  700 724 740 780  450 451 456 463 doublescan +hsync -vsync (55.4 kHz d)
[ 31809.529] (II) modeset(0): Modeline "640x480"x120.0   54.00  640 688 744 900  480 480 482 500 doublescan +hsync +vsync (60.0 kHz d)
[ 31809.529] (II) modeset(0): Modeline "640x480"x59.9   25.18  640 656 752 800  480 490 492 525 -hsync -vsync (31.5 kHz d)
[ 31809.529] (II) modeset(0): Modeline "720x405"x59.5   22.50  720 744 808 896  405 408 413 422 -hsync +vsync (25.1 kHz d)
[ 31809.529] (II) modeset(0): Modeline "720x405"x59.0   21.75  720 768 800 880  405 408 413 419 +hsync -vsync (24.7 kHz d)
[ 31809.529] (II) modeset(0): Modeline "684x384"x119.8   42.62  684 720 788 892  384 385 390 399 doublescan -hsync +vsync (47.8 kHz d)
[ 31809.529] (II) modeset(0): Modeline "684x384"x119.7   36.12  684 708 724 764  384 385 390 395 doublescan +hsync -vsync (47.3 kHz d)
[ 31809.529] (II) modeset(0): Modeline "680x384"x119.6   42.38  680 716 784 888  384 385 390 399 doublescan -hsync +vsync (47.7 kHz d)
[ 31809.529] (II) modeset(0): Modeline "680x384"x119.9   36.00  680 704 720 760  384 385 390 395 doublescan +hsync -vsync (47.4 kHz d)
[ 31809.529] (II) modeset(0): Modeline "640x400"x119.8   41.75  640 676 740 840  400 401 404 415 doublescan -hsync +vsync (49.7 kHz d)
[ 31809.529] (II) modeset(0): Modeline "640x400"x120.0   35.50  640 664 680 720  400 401 404 411 doublescan +hsync -vsync (49.3 kHz d)
[ 31809.529] (II) modeset(0): Modeline "576x432"x120.1   40.81  576 608 668 760  432 432 434 447 doublescan -hsync +vsync (53.7 kHz d)
[ 31809.529] (II) modeset(0): Modeline "640x360"x119.7   37.25  640 672 736 832  360 361 364 374 doublescan -hsync +vsync (44.8 kHz d)
[ 31809.529] (II) modeset(0): Modeline "640x360"x119.7   31.88  640 664 680 720  360 361 364 370 doublescan +hsync -vsync (44.3 kHz d)
[ 31809.529] (II) modeset(0): Modeline "640x360"x59.8   18.00  640 664 720 800  360 363 368 376 -hsync +vsync (22.5 kHz d)
[ 31809.529] (II) modeset(0): Modeline "640x360"x59.3   17.75  640 688 720 800  360 363 368 374 +hsync -vsync (22.2 kHz d)
[ 31809.529] (II) modeset(0): Modeline "512x384"x120.0   32.50  512 524 592 672  384 385 388 403 doublescan -hsync -vsync (48.4 kHz d)
[ 31809.529] (II) modeset(0): Modeline "512x288"x120.0   23.25  512 532 580 648  288 289 292 299 doublescan -hsync +vsync (35.9 kHz d)
[ 31809.529] (II) modeset(0): Modeline "512x288"x119.8   21.00  512 536 552 592  288 289 292 296 doublescan +hsync -vsync (35.5 kHz d)
[ 31809.529] (II) modeset(0): Modeline "480x270"x119.3   20.38  480 496 544 608  270 271 274 281 doublescan -hsync +vsync (33.5 kHz d)
[ 31809.529] (II) modeset(0): Modeline "480x270"x119.6   18.62  480 504 520 560  270 271 274 278 doublescan +hsync -vsync (33.3 kHz d)
[ 31809.529] (II) modeset(0): Modeline "400x300"x120.6   20.00  400 420 484 528  300 300 302 314 doublescan +hsync +vsync (37.9 kHz d)
[ 31809.529] (II) modeset(0): Modeline "400x300"x112.7   18.00  400 412 448 512  300 300 301 312 doublescan +hsync +vsync (35.2 kHz d)
[ 31809.529] (II) modeset(0): Modeline "432x243"x119.8   16.25  432 444 484 536  243 244 247 253 doublescan -hsync +vsync (30.3 kHz d)
[ 31809.529] (II) modeset(0): Modeline "432x243"x119.1   15.25  432 456 472 512  243 244 247 250 doublescan +hsync -vsync (29.8 kHz d)
[ 31809.529] (II) modeset(0): Modeline "320x240"x120.1   12.59  320 328 376 400  240 245 246 262 doublescan -hsync -vsync (31.5 kHz d)
[ 31809.529] (II) modeset(0): Modeline "360x202"x119.0   11.25  360 372 404 448  202 204 206 211 doublescan -hsync +vsync (25.1 kHz d)
[ 31809.529] (II) modeset(0): Modeline "360x202"x118.3   10.88  360 384 400 440  202 204 206 209 doublescan +hsync -vsync (24.7 kHz d)
[ 31809.529] (II) modeset(0): Modeline "320x180"x119.7    9.00  320 332 360 400  180 181 184 188 doublescan -hsync +vsync (22.5 kHz d)
[ 31809.529] (II) modeset(0): Modeline "320x180"x118.6    8.88  320 344 360 400  180 181 184 187 doublescan +hsync -vsync (22.2 kHz d)
[ 31809.529] (II) modeset(0): EDID for output HDMI-1
[ 31809.529] (II) modeset(0): EDID for output DP-1
[ 31809.529] (II) modeset(0): EDID for output DP-2
[ 31809.529] (II) modeset(0): EDID for output DP-3
[ 31809.529] (II) modeset(0): EDID for output DP-4
[ 31809.529] (II) modeset(0): Output eDP-1 connected
[ 31809.529] (II) modeset(0): Output HDMI-1 disconnected
[ 31809.529] (II) modeset(0): Output DP-1 disconnected
[ 31809.529] (II) modeset(0): Output DP-2 disconnected
[ 31809.529] (II) modeset(0): Output DP-3 disconnected
[ 31809.529] (II) modeset(0): Output DP-4 disconnected
[ 31809.529] (II) modeset(0): Using exact sizes for initial modes
[ 31809.529] (II) modeset(0): Output eDP-1 using initial mode 1920x1080 +0+0
[ 31809.529] (==) modeset(0): Using gamma correction (1.0, 1.0, 1.0)
[ 31809.529] (==) modeset(0): DPI set to (96, 96)
[ 31809.529] (II) Loading sub module "fb"
[ 31809.529] (II) LoadModule: "fb"
[ 31809.529] (II) Loading /usr/lib/xorg/modules/libfb.so
[ 31809.529] (II) Module fb: vendor="X.Org Foundation"
[ 31809.529] 	compiled for 1.20.13, module version = 1.0.0
[ 31809.529] 	ABI class: X.Org ANSI C Emulation, version 0.4
[ 31809.529] (II) UnloadModule: "fbdev"
[ 31809.529] (II) Unloading fbdev
[ 31809.529] (II) UnloadSubModule: "fbdevhw"
[ 31809.529] (II) Unloading fbdevhw
[ 31809.529] (II) UnloadModule: "vesa"
[ 31809.529] (II) Unloading vesa
[ 31809.538] (==) modeset(0): Backing store enabled
[ 31809.538] (==) modeset(0): Silken mouse enabled
[ 31809.614] (II) modeset(0): Initializing kms color map for depth 24, 8 bpc.
[ 31809.614] (==) modeset(0): DPMS enabled
[ 31809.614] (II) modeset(0): [DRI2] Setup complete
[ 31809.614] (II) modeset(0): [DRI2]   DRI driver: iris
[ 31809.614] (II) modeset(0): [DRI2]   VDPAU driver: va_gl
[ 31809.614] (II) Initializing extension Generic Event Extension
[ 31809.614] (II) Initializing extension SHAPE
[ 31809.614] (II) Initializing extension MIT-SHM
[ 31809.614] (II) Initializing extension XInputExtension
[ 31809.614] (II) Initializing extension XTEST
[ 31809.614] (II) Initializing extension BIG-REQUESTS
[ 31809.614] (II) Initializing extension SYNC
[ 31809.615] (II) Initializing extension XKEYBOARD
[ 31809.615] (II) Initializing extension XC-MISC
[ 31809.615] (II) Initializing extension SECURITY
[ 31809.615] (II) Initializing extension XFIXES
[ 31809.615] (II) Initializing extension RENDER
[ 31809.615] (II) Initializing extension RANDR
[ 31809.615] (II) Initializing extension COMPOSITE
[ 31809.616] (II) Initializing extension DAMAGE
[ 31809.616] (II) Initializing extension MIT-SCREEN-SAVER
[ 31809.616] (II) Initializing extension DOUBLE-BUFFER
[ 31809.616] (II) Initializing extension RECORD
[ 31809.616] (II) Initializing extension DPMS
[ 31809.616] (II) Initializing extension Present
[ 31809.616] (II) Initializing extension DRI3
[ 31809.616] (II) Initializing extension X-Resource
[ 31809.616] (II) Initializing extension XVideo
[ 31809.616] (II) Initializing extension XVideo-MotionCompensation
[ 31809.616] (II) Initializing extension SELinux
[ 31809.616] (II) SELinux: Disabled on system
[ 31809.616] (II) Initializing extension GLX
[ 31809.619] (II) AIGLX: Loaded and initialized iris
[ 31809.619] (II) GLX: Initialized DRI2 GL provider for screen 0
[ 31809.619] (II) Initializing extension XFree86-VidModeExtension
[ 31809.619] (II) Initializing extension XFree86-DGA
[ 31809.619] (II) Initializing extension XFree86-DRI
[ 31809.619] (II) Initializing extension DRI2
[ 31809.620] (II) modeset(0): Damage tracking initialized
[ 31809.620] (II) modeset(0): Setting screen physical size to 508 x 285
[ 31809.638] (II) config/udev: Adding input device Power Button (/dev/input/event2)
[ 31809.638] (**) Power Button: Applying InputClass "libinput keyboard catchall"
[ 31809.638] (II) LoadModule: "libinput"
[ 31809.638] (II) Loading /usr/lib/xorg/modules/input/libinput_drv.so
[ 31809.639] (II) Module libinput: vendor="X.Org Foundation"
[ 31809.639] 	compiled for 1.20.4, module version = 0.29.0
[ 31809.639] 	Module class: X.Org XInput Driver
[ 31809.639] 	ABI class: X.Org XInput driver, version 24.1
[ 31809.639] (II) Using input driver 'libinput' for 'Power Button'
[ 31809.639] (II) systemd-logind: got fd for /dev/input/event2 13:66 fd 26 paused 0
[ 31809.639] (**) Power Button: always reports core events
[ 31809.639] (**) Option "Device" "/dev/input/event2"
[ 31809.639] (**) Option "_source" "server/udev"
[ 31809.640] (II) event2  - Power Button: is tagged by udev as: Keyboard
[ 31809.640] (II) event2  - Power Button: device is a keyboard
[ 31809.640] (II) event2  - Power Button: device removed
[ 31809.640] (**) Option "config_info" "udev:/sys/devices/LNXSYSTM:00/LNXPWRBN:00/input/input2/event2"
[ 31809.640] (II) XINPUT: Adding extended input device "Power Button" (type: KEYBOARD, id 6)
[ 31809.640] (**) Option "xkb_model" "pc105"
[ 31809.640] (**) Option "xkb_layout" "de"
[ 31809.650] (II) event2  - Power Button: is tagged by udev as: Keyboard
[ 31809.650] (II) event2  - Power Button: device is a keyboard
[ 31809.650] (II) config/udev: Adding input device Video Bus (/dev/input/event11)
[ 31809.650] (**) Video Bus: Applying InputClass "libinput keyboard catchall"
[ 31809.650] (II) Using input driver 'libinput' for 'Video Bus'
[ 31809.650] (II) systemd-logind: got fd for /dev/input/event11 13:75 fd 29 paused 0
[ 31809.650] (**) Video Bus: always reports core events
[ 31809.650] (**) Option "Device" "/dev/input/event11"
[ 31809.650] (**) Option "_source" "server/udev"
[ 31809.651] (II) event11 - Video Bus: is tagged by udev as: Keyboard
[ 31809.651] (II) event11 - Video Bus: device is a keyboard
[ 31809.651] (II) event11 - Video Bus: device removed
[ 31809.651] (**) Option "config_info" "udev:/sys/devices/LNXSYSTM:00/LNXSYBUS:00/PNP0A08:00/LNXVIDEO:00/input/input16/event11"
[ 31809.651] (II) XINPUT: Adding extended input device "Video Bus" (type: KEYBOARD, id 7)
[ 31809.651] (**) Option "xkb_model" "pc105"
[ 31809.651] (**) Option "xkb_layout" "de"
[ 31809.651] (II) event11 - Video Bus: is tagged by udev as: Keyboard
[ 31809.651] (II) event11 - Video Bus: device is a keyboard
[ 31809.651] (II) config/udev: Adding input device Lid Switch (/dev/input/event1)
[ 31809.651] (II) No input driver specified, ignoring this device.
[ 31809.651] (II) This device may have been added with another device file.
[ 31809.651] (II) config/udev: Adding input device Sleep Button (/dev/input/event0)
[ 31809.651] (**) Sleep Button: Applying InputClass "libinput keyboard catchall"
[ 31809.651] (II) Using input driver 'libinput' for 'Sleep Button'
[ 31809.652] (II) systemd-logind: got fd for /dev/input/event0 13:64 fd 30 paused 0
[ 31809.652] (**) Sleep Button: always reports core events
[ 31809.652] (**) Option "Device" "/dev/input/event0"
[ 31809.652] (**) Option "_source" "server/udev"
[ 31809.652] (II) event0  - Sleep Button: is tagged by udev as: Keyboard
[ 31809.652] (II) event0  - Sleep Button: device is a keyboard
[ 31809.652] (II) event0  - Sleep Button: device removed
[ 31809.652] (**) Option "config_info" "udev:/sys/devices/LNXSYSTM:00/LNXSYBUS:00/PNP0C0E:00/input/input0/event0"
[ 31809.652] (II) XINPUT: Adding extended input device "Sleep Button" (type: KEYBOARD, id 8)
[ 31809.652] (**) Option "xkb_model" "pc105"
[ 31809.652] (**) Option "xkb_layout" "de"
[ 31809.653] (II) event0  - Sleep Button: is tagged by udev as: Keyboard
[ 31809.653] (II) event0  - Sleep Button: device is a keyboard
[ 31809.653] (II) config/udev: Adding input device PixArt Lenovo USB Optical Mouse (/dev/input/event26)
[ 31809.653] (**) PixArt Lenovo USB Optical Mouse: Applying InputClass "libinput pointer catchall"
[ 31809.653] (II) Using input driver 'libinput' for 'PixArt Lenovo USB Optical Mouse'
[ 31809.653] (II) systemd-logind: got fd for /dev/input/event26 13:90 fd 31 paused 0
[ 31809.653] (**) PixArt Lenovo USB Optical Mouse: always reports core events
[ 31809.653] (**) Option "Device" "/dev/input/event26"
[ 31809.653] (**) Option "_source" "server/udev"
[ 31809.654] (II) event26 - PixArt Lenovo USB Optical Mouse: is tagged by udev as: Mouse
[ 31809.654] (II) event26 - PixArt Lenovo USB Optical Mouse: device is a pointer
[ 31809.654] (II) event26 - PixArt Lenovo USB Optical Mouse: device removed
[ 31809.654] (**) Option "config_info" "udev:/sys/devices/pci0000:00/0000:00:14.0/usb1/1-4/1-4:1.0/0003:17EF:608D.0004/input/input36/event26"
[ 31809.654] (II) XINPUT: Adding extended input device "PixArt Lenovo USB Optical Mouse" (type: MOUSE, id 9)
[ 31809.654] (**) Option "AccelerationScheme" "none"
[ 31809.654] (**) PixArt Lenovo USB Optical Mouse: (accel) selected scheme none/0
[ 31809.654] (**) PixArt Lenovo USB Optical Mouse: (accel) acceleration factor: 2.000
[ 31809.654] (**) PixArt Lenovo USB Optical Mouse: (accel) acceleration threshold: 4
[ 31809.655] (II) event26 - PixArt Lenovo USB Optical Mouse: is tagged by udev as: Mouse
[ 31809.655] (II) event26 - PixArt Lenovo USB Optical Mouse: device is a pointer
[ 31809.655] (II) config/udev: Adding input device PixArt Lenovo USB Optical Mouse (/dev/input/mouse3)
[ 31809.655] (II) No input driver specified, ignoring this device.
[ 31809.655] (II) This device may have been added with another device file.
[ 31809.655] (II) config/udev: Adding input device Integrated Camera: Integrated C (/dev/input/event9)
[ 31809.655] (**) Integrated Camera: Integrated C: Applying InputClass "libinput keyboard catchall"
[ 31809.655] (II) Using input driver 'libinput' for 'Integrated Camera: Integrated C'
[ 31809.656] (II) systemd-logind: got fd for /dev/input/event9 13:73 fd 32 paused 0
[ 31809.656] (**) Integrated Camera: Integrated C: always reports core events
[ 31809.656] (**) Option "Device" "/dev/input/event9"
[ 31809.656] (**) Option "_source" "server/udev"
[ 31809.656] (II) event9  - Integrated Camera: Integrated C: is tagged by udev as: Keyboard
[ 31809.656] (II) event9  - Integrated Camera: Integrated C: device is a keyboard
[ 31809.656] (II) event9  - Integrated Camera: Integrated C: device removed
[ 31809.656] (**) Option "config_info" "udev:/sys/devices/pci0000:00/0000:00:14.0/usb1/1-5/1-5:1.0/input/input14/event9"
[ 31809.656] (II) XINPUT: Adding extended input device "Integrated Camera: Integrated C" (type: KEYBOARD, id 10)
[ 31809.656] (**) Option "xkb_model" "pc105"
[ 31809.656] (**) Option "xkb_layout" "de"
[ 31809.657] (II) event9  - Integrated Camera: Integrated C: is tagged by udev as: Keyboard
[ 31809.657] (II) event9  - Integrated Camera: Integrated C: device is a keyboard
[ 31809.657] (II) config/udev: Adding input device Integrated Camera: Integrated I (/dev/input/event10)
[ 31809.657] (**) Integrated Camera: Integrated I: Applying InputClass "libinput keyboard catchall"
[ 31809.657] (II) Using input driver 'libinput' for 'Integrated Camera: Integrated I'
[ 31809.657] (II) systemd-logind: got fd for /dev/input/event10 13:74 fd 33 paused 0
[ 31809.658] (**) Integrated Camera: Integrated I: always reports core events
[ 31809.658] (**) Option "Device" "/dev/input/event10"
[ 31809.658] (**) Option "_source" "server/udev"
[ 31809.658] (II) event10 - Integrated Camera: Integrated I: is tagged by udev as: Keyboard
[ 31809.658] (II) event10 - Integrated Camera: Integrated I: device is a keyboard
[ 31809.658] (II) event10 - Integrated Camera: Integrated I: device removed
[ 31809.658] (**) Option "config_info" "udev:/sys/devices/pci0000:00/0000:00:14.0/usb1/1-5/1-5:1.2/input/input15/event10"
[ 31809.658] (II) XINPUT: Adding extended input device "Integrated Camera: Integrated I" (type: KEYBOARD, id 11)
[ 31809.658] (**) Option "xkb_model" "pc105"
[ 31809.658] (**) Option "xkb_layout" "de"
[ 31809.659] (II) event10 - Integrated Camera: Integrated I: is tagged by udev as: Keyboard
[ 31809.659] (II) event10 - Integrated Camera: Integrated I: device is a keyboard
[ 31809.659] (II) config/udev: Adding input device ELAN067D:00 04F3:3209 Mouse (/dev/input/event5)
[ 31809.659] (**) ELAN067D:00 04F3:3209 Mouse: Applying InputClass "libinput pointer catchall"
[ 31809.659] (II) Using input driver 'libinput' for 'ELAN067D:00 04F3:3209 Mouse'
[ 31809.659] (II) systemd-logind: got fd for /dev/input/event5 13:69 fd 34 paused 0
[ 31809.659] (**) ELAN067D:00 04F3:3209 Mouse: always reports core events
[ 31809.659] (**) Option "Device" "/dev/input/event5"
[ 31809.659] (**) Option "_source" "server/udev"
[ 31809.660] (II) event5  - ELAN067D:00 04F3:3209 Mouse: is tagged by udev as: Mouse Pointingstick
[ 31809.660] (II) event5  - ELAN067D:00 04F3:3209 Mouse: device is a pointer
[ 31809.660] (II) event5  - ELAN067D:00 04F3:3209 Mouse: device removed
[ 31809.660] (**) Option "config_info" "udev:/sys/devices/pci0000:00/0000:00:19.1/i2c_designware.1/i2c-1/i2c-ELAN067D:00/0018:04F3:3209.0001/input/input11/event5"
[ 31809.660] (II) XINPUT: Adding extended input device "ELAN067D:00 04F3:3209 Mouse" (type: MOUSE, id 12)
[ 31809.660] (**) Option "AccelerationScheme" "none"
[ 31809.660] (**) ELAN067D:00 04F3:3209 Mouse: (accel) selected scheme none/0
[ 31809.660] (**) ELAN067D:00 04F3:3209 Mouse: (accel) acceleration factor: 2.000
[ 31809.660] (**) ELAN067D:00 04F3:3209 Mouse: (accel) acceleration threshold: 4
[ 31809.661] (II) event5  - ELAN067D:00 04F3:3209 Mouse: is tagged by udev as: Mouse Pointingstick
[ 31809.661] (II) event5  - ELAN067D:00 04F3:3209 Mouse: device is a pointer
[ 31809.661] (II) config/udev: Adding input device ELAN067D:00 04F3:3209 Mouse (/dev/input/mouse0)
[ 31809.661] (II) No input driver specified, ignoring this device.
[ 31809.661] (II) This device may have been added with another device file.
[ 31809.661] (II) config/udev: Adding input device ELAN067D:00 04F3:3209 Touchpad (/dev/input/event8)
[ 31809.661] (**) ELAN067D:00 04F3:3209 Touchpad: Applying InputClass "libinput touchpad catchall"
[ 31809.661] (II) Using input driver 'libinput' for 'ELAN067D:00 04F3:3209 Touchpad'
[ 31809.662] (II) systemd-logind: got fd for /dev/input/event8 13:72 fd 35 paused 0
[ 31809.662] (**) ELAN067D:00 04F3:3209 Touchpad: always reports core events
[ 31809.662] (**) Option "Device" "/dev/input/event8"
[ 31809.662] (**) Option "_source" "server/udev"
[ 31809.662] (II) event8  - ELAN067D:00 04F3:3209 Touchpad: is tagged by udev as: Touchpad
[ 31809.663] (II) event8  - ELAN067D:00 04F3:3209 Touchpad: device is a touchpad
[ 31809.663] (II) event8  - ELAN067D:00 04F3:3209 Touchpad: device removed
[ 31809.663] (**) Option "config_info" "udev:/sys/devices/pci0000:00/0000:00:19.1/i2c_designware.1/i2c-1/i2c-ELAN067D:00/0018:04F3:3209.0001/input/input13/event8"
[ 31809.663] (II) XINPUT: Adding extended input device "ELAN067D:00 04F3:3209 Touchpad" (type: TOUCHPAD, id 13)
[ 31809.663] (**) Option "AccelerationScheme" "none"
[ 31809.663] (**) ELAN067D:00 04F3:3209 Touchpad: (accel) selected scheme none/0
[ 31809.663] (**) ELAN067D:00 04F3:3209 Touchpad: (accel) acceleration factor: 2.000
[ 31809.663] (**) ELAN067D:00 04F3:3209 Touchpad: (accel) acceleration threshold: 4
[ 31809.664] (II) event8  - ELAN067D:00 04F3:3209 Touchpad: is tagged by udev as: Touchpad
[ 31809.664] (II) event8  - ELAN067D:00 04F3:3209 Touchpad: device is a touchpad
[ 31809.665] (II) config/udev: Adding input device ELAN067D:00 04F3:3209 Touchpad (/dev/input/mouse1)
[ 31809.665] (II) No input driver specified, ignoring this device.
[ 31809.665] (II) This device may have been added with another device file.
[ 31809.665] (II) config/udev: Adding input device HDA Intel PCH Mic (/dev/input/event12)
[ 31809.665] (II) No input driver specified, ignoring this device.
[ 31809.665] (II) This device may have been added with another device file.
[ 31809.665] (II) config/udev: Adding input device HDA Intel PCH Headphone (/dev/input/event13)
[ 31809.665] (II) No input driver specified, ignoring this device.
[ 31809.665] (II) This device may have been added with another device file.
[ 31809.665] (II) config/udev: Adding input device HDA Intel PCH HDMI/DP,pcm=3 (/dev/input/event14)
[ 31809.665] (II) No input driver specified, ignoring this device.
[ 31809.665] (II) This device may have been added with another device file.
[ 31809.665] (II) config/udev: Adding input device HDA Intel PCH HDMI/DP,pcm=7 (/dev/input/event15)
[ 31809.665] (II) No input driver specified, ignoring this device.
[ 31809.665] (II) This device may have been added with another device file.
[ 31809.665] (II) config/udev: Adding input device HDA Intel PCH HDMI/DP,pcm=8 (/dev/input/event16)
[ 31809.665] (II) No input driver specified, ignoring this device.
[ 31809.665] (II) This device may have been added with another device file.
[ 31809.665] (II) config/udev: Adding input device HDA Intel PCH HDMI/DP,pcm=9 (/dev/input/event17)
[ 31809.665] (II) No input driver specified, ignoring this device.
[ 31809.665] (II) This device may have been added with another device file.
[ 31809.666] (II) config/udev: Adding input device HDA Intel PCH HDMI/DP,pcm=10 (/dev/input/event18)
[ 31809.666] (II) No input driver specified, ignoring this device.
[ 31809.666] (II) This device may have been added with another device file.
[ 31809.666] (II) config/udev: Adding input device HDA Intel PCH HDMI/DP,pcm=11 (/dev/input/event19)
[ 31809.666] (II) No input driver specified, ignoring this device.
[ 31809.666] (II) This device may have been added with another device file.
[ 31809.666] (II) config/udev: Adding input device HDA Intel PCH HDMI/DP,pcm=12 (/dev/input/event20)
[ 31809.666] (II) No input driver specified, ignoring this device.
[ 31809.666] (II) This device may have been added with another device file.
[ 31809.666] (II) config/udev: Adding input device HDA Intel PCH HDMI/DP,pcm=13 (/dev/input/event21)
[ 31809.666] (II) No input driver specified, ignoring this device.
[ 31809.666] (II) This device may have been added with another device file.
[ 31809.666] (II) config/udev: Adding input device HDA Intel PCH HDMI/DP,pcm=14 (/dev/input/event22)
[ 31809.666] (II) No input driver specified, ignoring this device.
[ 31809.666] (II) This device may have been added with another device file.
[ 31809.666] (II) config/udev: Adding input device HDA Intel PCH HDMI/DP,pcm=15 (/dev/input/event23)
[ 31809.666] (II) No input driver specified, ignoring this device.
[ 31809.666] (II) This device may have been added with another device file.
[ 31809.666] (II) config/udev: Adding input device HDA Intel PCH HDMI/DP,pcm=16 (/dev/input/event24)
[ 31809.666] (II) No input driver specified, ignoring this device.
[ 31809.666] (II) This device may have been added with another device file.
[ 31809.666] (II) config/udev: Adding input device HDA Intel PCH HDMI/DP,pcm=17 (/dev/input/event25)
[ 31809.666] (II) No input driver specified, ignoring this device.
[ 31809.666] (II) This device may have been added with another device file.
[ 31809.667] (II) config/udev: Adding input device Intel HID events (/dev/input/event7)
[ 31809.667] (**) Intel HID events: Applying InputClass "libinput keyboard catchall"
[ 31809.667] (II) Using input driver 'libinput' for 'Intel HID events'
[ 31809.667] (II) systemd-logind: got fd for /dev/input/event7 13:71 fd 36 paused 0
[ 31809.667] (**) Intel HID events: always reports core events
[ 31809.667] (**) Option "Device" "/dev/input/event7"
[ 31809.667] (**) Option "_source" "server/udev"
[ 31809.667] (II) event7  - Intel HID events: is tagged by udev as: Keyboard
[ 31809.667] (II) event7  - Intel HID events: device is a keyboard
[ 31809.667] (II) event7  - Intel HID events: device removed
[ 31809.668] (**) Option "config_info" "udev:/sys/devices/platform/INTC1070:00/input/input9/event7"
[ 31809.668] (II) XINPUT: Adding extended input device "Intel HID events" (type: KEYBOARD, id 14)
[ 31809.668] (**) Option "xkb_model" "pc105"
[ 31809.668] (**) Option "xkb_layout" "de"
[ 31809.668] (II) event7  - Intel HID events: is tagged by udev as: Keyboard
[ 31809.668] (II) event7  - Intel HID events: device is a keyboard
[ 31809.669] (II) config/udev: Adding input device AT Translated Set 2 keyboard (/dev/input/event3)
[ 31809.669] (**) AT Translated Set 2 keyboard: Applying InputClass "libinput keyboard catchall"
[ 31809.669] (II) Using input driver 'libinput' for 'AT Translated Set 2 keyboard'
[ 31809.669] (II) systemd-logind: got fd for /dev/input/event3 13:67 fd 37 paused 0
[ 31809.669] (**) AT Translated Set 2 keyboard: always reports core events
[ 31809.669] (**) Option "Device" "/dev/input/event3"
[ 31809.669] (**) Option "_source" "server/udev"
[ 31809.670] (II) event3  - AT Translated Set 2 keyboard: is tagged by udev as: Keyboard
[ 31809.670] (II) event3  - AT Translated Set 2 keyboard: device is a keyboard
[ 31809.671] (II) event3  - AT Translated Set 2 keyboard: device removed
[ 31809.671] (**) Option "config_info" "udev:/sys/devices/platform/i8042/serio0/input/input3/event3"
[ 31809.671] (II) XINPUT: Adding extended input device "AT Translated Set 2 keyboard" (type: KEYBOARD, id 15)
[ 31809.671] (**) Option "xkb_model" "pc105"
[ 31809.671] (**) Option "xkb_layout" "de"
[ 31809.671] (II) event3  - AT Translated Set 2 keyboard: is tagged by udev as: Keyboard
[ 31809.671] (II) event3  - AT Translated Set 2 keyboard: device is a keyboard
[ 31809.672] (II) config/udev: Adding input device TPPS/2 Elan TrackPoint (/dev/input/event6)
[ 31809.672] (**) TPPS/2 Elan TrackPoint: Applying InputClass "libinput pointer catchall"
[ 31809.672] (II) Using input driver 'libinput' for 'TPPS/2 Elan TrackPoint'
[ 31809.672] (II) systemd-logind: got fd for /dev/input/event6 13:70 fd 38 paused 0
[ 31809.673] (**) TPPS/2 Elan TrackPoint: always reports core events
[ 31809.673] (**) Option "Device" "/dev/input/event6"
[ 31809.673] (**) Option "_source" "server/udev"
[ 31809.673] (II) event6  - TPPS/2 Elan TrackPoint: is tagged by udev as: Mouse Pointingstick
[ 31809.673] (II) event6  - TPPS/2 Elan TrackPoint: device is a pointer
[ 31809.674] (II) event6  - TPPS/2 Elan TrackPoint: device removed
[ 31809.674] (**) Option "config_info" "udev:/sys/devices/platform/i8042/serio1/input/input5/event6"
[ 31809.674] (II) XINPUT: Adding extended input device "TPPS/2 Elan TrackPoint" (type: MOUSE, id 16)
[ 31809.674] (**) Option "AccelerationScheme" "none"
[ 31809.674] (**) TPPS/2 Elan TrackPoint: (accel) selected scheme none/0
[ 31809.674] (**) TPPS/2 Elan TrackPoint: (accel) acceleration factor: 2.000
[ 31809.674] (**) TPPS/2 Elan TrackPoint: (accel) acceleration threshold: 4
[ 31809.675] (II) event6  - TPPS/2 Elan TrackPoint: is tagged by udev as: Mouse Pointingstick
[ 31809.675] (II) event6  - TPPS/2 Elan TrackPoint: device is a pointer
[ 31809.676] (II) config/udev: Adding input device TPPS/2 Elan TrackPoint (/dev/input/mouse2)
[ 31809.676] (II) No input driver specified, ignoring this device.
[ 31809.676] (II) This device may have been added with another device file.
[ 31809.677] (II) config/udev: Adding input device ThinkPad Extra Buttons (/dev/input/event4)
[ 31809.677] (**) ThinkPad Extra Buttons: Applying InputClass "libinput keyboard catchall"
[ 31809.677] (II) Using input driver 'libinput' for 'ThinkPad Extra Buttons'
[ 31809.677] (II) systemd-logind: got fd for /dev/input/event4 13:68 fd 39 paused 0
[ 31809.677] (**) ThinkPad Extra Buttons: always reports core events
[ 31809.677] (**) Option "Device" "/dev/input/event4"
[ 31809.677] (**) Option "_source" "server/udev"
[ 31809.678] (II) event4  - ThinkPad Extra Buttons: is tagged by udev as: Keyboard Switch
[ 31809.678] (II) event4  - ThinkPad Extra Buttons: device is a keyboard
[ 31809.678] (II) event4  - ThinkPad Extra Buttons: device is a switch device
[ 31809.678] (II) event4  - ThinkPad Extra Buttons: device removed
[ 31809.678] (**) Option "config_info" "udev:/sys/devices/platform/thinkpad_acpi/input/input10/event4"
[ 31809.678] (II) XINPUT: Adding extended input device "ThinkPad Extra Buttons" (type: KEYBOARD, id 17)
[ 31809.678] (**) Option "xkb_model" "pc105"
[ 31809.678] (**) Option "xkb_layout" "de"
[ 31809.679] (II) event4  - ThinkPad Extra Buttons: is tagged by udev as: Keyboard Switch
[ 31809.679] (II) event4  - ThinkPad Extra Buttons: device is a keyboard
[ 31809.679] (II) event4  - ThinkPad Extra Buttons: device is a switch device
[ 31809.996] (II) modeset(0): EDID vendor "CMN", prod id 5394
[ 31809.996] (II) modeset(0): Printing DDC gathered Modelines:
[ 31809.996] (II) modeset(0): Modeline "1920x1080"x0.0  138.78  1920 1968 2000 2080  1080 1090 1095 1112 -hsync -vsync (66.7 kHz eP)
