[06/05/23, 08:50:07:773] info: 
╔══════════════════════════════════════════════════════════════════╗
║      Slack 4.32.122, linux (Store) 5.15.0-69-generic on x64      ║
╚══════════════════════════════════════════════════════════════════╝ 
[06/05/23, 08:50:07:774] info: Configured logger via 
{
  "shouldUseNewBackend": false,
  "loggerInstanceCount": 1
}
[06/05/23, 08:50:07:790] info: Predefined values for process 
{
  "NODE_ENV": "production",
  "platform": "linux",
  "type": "browser",
  "timeZone": "Europe/Berlin",
  "PACKAGE_MANIFEST.productName": "Slack",
  "PACKAGE_MANIFEST.version": "4.32.122",
  "PACKAGE_MANIFEST.commit": "de0bf8b",
  "PACKAGE_MANIFEST.branch": "HEAD"
}
[06/05/23, 08:50:07:860] info: Starting Sentry 
[06/05/23, 08:50:07:860] info: persistUuid:: Generated uuid 
{
  "uuid": "7bcdd816-6246-4bce-8043-86a2deb3ed40"
}
[06/05/23, 08:50:07:860] info: persistUuid:: Uuid persisted successfully 
[06/05/23, 08:50:07:861] info: getSentryDSN: Setting sentry URL to slack.com 
[06/05/23, 08:50:07:875] info: Could not load previous electron version 
[06/05/23, 08:50:08:231] info: Breadcrumb: electron: app.will-finish-launching 
[06/05/23, 08:50:08:253] info: Breadcrumb: electron: app.ready 
[06/05/23, 08:50:08:345] info: Breadcrumb: electron: app.session-created 
[06/05/23, 08:50:08:357] info: Store: persist/PERSIST 
[06/05/23, 08:50:08:359] info: Store: UPDATE_SETTINGS 
{
  "locale": "en-US"
}
[06/05/23, 08:50:08:387] info: Migrating from redux-persist@v4 
[06/05/23, 08:50:08:387] info: Finished migrating state 
{
  "keys": [
    "_persist"
  ],
  "version": 1
}
[06/05/23, 08:50:08:387] info: Store: persist/REHYDRATE 
{
  "_persist": "Persistence version: 1"
}
[06/05/23, 08:50:08:388] info: Store: RECORD_PERFORMANCE_TIMING 
{
  "phase": 0,
  "interval": 32
}
[06/05/23, 08:50:08:388] info: Store: INITIALIZE 
{
  "0": {
    "tokens": [
      "z-app-T059GBV1KRD-5371546063187-e71fea50ff247b5be01e48b4741aac3619d44651e9bb6c1fd1162be3273831c7"
    ]
  },
  "resourcePath": "/snap/slack/71/usr/lib/slack/resources/app.asar",
  "tsaToken": "[REDACTED]",
  "bootFragments": [],
  "protoUrl": "[REDACTED]"
}
[06/05/23, 08:50:08:396] info: Store: SET_SESSION_MODE 
[06/05/23, 08:50:08:397] info: Feature Check: requesting features from https://app.slack.com/api/ 
[06/05/23, 08:50:08:403] error: Failed to load calls-desktop-interop.WindowBorderPanel 
{
  "error": {
    "stack": "Error: Module did not self-register: '/snap/slack/71/usr/lib/slack/resources/app.asar.unpacked/node_modules/@tinyspeck/calls-desktop-interop/build/Release/CallsDesktopInterop.node'.\n    at process.func [as dlopen] (node:electron/js2c/asar_bundle:2:1822)\n    at Module._extensions..node (node:internal/modules/cjs/loader:1326:18)\n    at Object.func [as .node] (node:electron/js2c/asar_bundle:2:2049)\n    at Module.load (node:internal/modules/cjs/loader:1096:32)\n    at Module._load (node:internal/modules/cjs/loader:937:12)\n    at f._load (node:electron/js2c/asar_bundle:2:13330)\n    at Module.require (node:internal/modules/cjs/loader:1120:19)\n    at require (node:internal/modules/cjs/helpers:103:18)\n    at bindings (/snap/slack/71/usr/lib/slack/resources/app.asar/node_modules/bindings/bindings.js:112:48)\n    at Object.<anonymous> (/snap/slack/71/usr/lib/slack/resources/app.asar/node_modules/@tinyspeck/calls-desktop-interop/lib/index.js:1:34)",
    "message": "Module did not self-register: '/snap/slack/71/usr/lib/slack/resources/app.asar.unpacked/node_modules/@tinyspeck/calls-desktop-interop/build/Release/CallsDesktopInterop.node'.",
    "code": "ERR_DLOPEN_FAILED"
  },
  "stackFrameString": "[{\"columnNumber\":1822,\"lineNumber\":2,\"fileName\":\"node:electron/js2c/asar_bundle\",\"functionName\":\"process.func [as dlopen]\",\"source\":\"    at process.func [as dlopen] (node:electron/js2c/asar_bundle:2:1822)\"},{\"columnNumber\":18,\"lineNumber\":1326,\"fileName\":\"node:internal/modules/cjs/loader\",\"functionName\":\"Module._extensions..node\",\"source\":\"    at Module._extensions..node (node:internal/modules/cjs/loader:1326:18)\"},{\"columnNumber\":2049,\"lineNumber\":2,\"fileName\":\"node:electron/js2c/asar_bundle\",\"functionName\":\"Object.func [as .node]\",\"source\":\"    at Object.func [as .node] (node:electron/js2c/asar_bundle:2:2049)\"},{\"columnNumber\":32,\"lineNumber\":1096,\"fileName\":\"node:internal/modules/cjs/loader\",\"functionName\":\"Module.load\",\"source\":\"    at Module.load (node:internal/modules/cjs/loader:1096:32)\"},{\"columnNumber\":12,\"lineNumber\":937,\"fileName\":\"node:internal/modules/cjs/loader\",\"functionName\":\"Module._load\",\"source\":\"    at Module._load (node:internal/modules/cjs/loader:937:12)\"},{\"columnNumber\":13330,\"lineNumber\":2,\"fileName\":\"node:electron/js2c/asar_bundle\",\"functionName\":\"f._load\",\"source\":\"    at f._load (node:electron/js2c/asar_bundle:2:13330)\"},{\"columnNumber\":19,\"lineNumber\":1120,\"fileName\":\"node:internal/modules/cjs/loader\",\"functionName\":\"Module.require\",\"source\":\"    at Module.require (node:internal/modules/cjs/loader:1120:19)\"},{\"columnNumber\":18,\"lineNumber\":103,\"fileName\":\"node:internal/modules/cjs/helpers\",\"functionName\":\"require\",\"source\":\"    at require (node:internal/modules/cjs/helpers:103:18)\"},{\"columnNumber\":48,\"lineNumber\":112,\"fileName\":\"/snap/slack/71/usr/lib/slack/resources/app.asar/node_modules/bindings/bindings.js\",\"functionName\":\"bindings\",\"source\":\"    at bindings (/snap/slack/71/usr/lib/slack/resources/app.asar/node_modules/bindings/bindings.js:112:48)\"},{\"columnNumber\":34,\"lineNumber\":1,\"fileName\":\"/snap/slack/71/usr/lib/slack/resources/app.asar/node_modules/@tinyspeck/calls-desktop-interop/lib/index.js\",\"functionName\":\"Object.<anonymous>\",\"source\":\"    at Object.<anonymous> (/snap/slack/71/usr/lib/slack/resources/app.asar/node_modules/@tinyspeck/calls-desktop-interop/lib/index.js:1:34)\"}]"
}
[06/05/23, 08:50:08:432] warn: Failed to install protocol handler for slack:// links 
[06/05/23, 08:50:08:437] warn: Couldn't get Linux distro info from lsb_release, trying fallback to get Linux distro info 
{
  "error": {
    "stack": "Error: Command failed: lsb_release -a --short\n/bin/sh: 1: lsb_release: not found\n\n    at ChildProcess.exithandler (node:child_process:430:12)\n    at ChildProcess.emit (node:events:513:28)\n    at ChildProcess.emit (node:domain:489:12)\n    at maybeClose (node:internal/child_process:1091:16)\n    at Socket.<anonymous> (node:internal/child_process:449:11)\n    at Socket.emit (node:events:513:28)\n    at Socket.emit (node:domain:489:12)\n    at Pipe.<anonymous> (node:net:322:12)",
    "message": "Command failed: lsb_release -a --short\n/bin/sh: 1: lsb_release: not found\n",
    "code": 127,
    "killed": false,
    "signal": null,
    "cmd": "lsb_release -a --short",
    "stdout": "",
    "stderr": "/bin/sh: 1: lsb_release: not found\n"
  },
  "stackFrameString": "[{\"columnNumber\":12,\"lineNumber\":430,\"fileName\":\"node:child_process\",\"functionName\":\"ChildProcess.exithandler\",\"source\":\"    at ChildProcess.exithandler (node:child_process:430:12)\"},{\"columnNumber\":28,\"lineNumber\":513,\"fileName\":\"node:events\",\"functionName\":\"ChildProcess.emit\",\"source\":\"    at ChildProcess.emit (node:events:513:28)\"},{\"columnNumber\":12,\"lineNumber\":489,\"fileName\":\"node:domain\",\"functionName\":\"ChildProcess.emit\",\"source\":\"    at ChildProcess.emit (node:domain:489:12)\"},{\"columnNumber\":16,\"lineNumber\":1091,\"fileName\":\"node:internal/child_process\",\"functionName\":\"maybeClose\",\"source\":\"    at maybeClose (node:internal/child_process:1091:16)\"},{\"columnNumber\":11,\"lineNumber\":449,\"fileName\":\"node:internal/child_process\",\"functionName\":\"Socket.<anonymous>\",\"source\":\"    at Socket.<anonymous> (node:internal/child_process:449:11)\"},{\"columnNumber\":28,\"lineNumber\":513,\"fileName\":\"node:events\",\"functionName\":\"Socket.emit\",\"source\":\"    at Socket.emit (node:events:513:28)\"},{\"columnNumber\":12,\"lineNumber\":489,\"fileName\":\"node:domain\",\"functionName\":\"Socket.emit\",\"source\":\"    at Socket.emit (node:domain:489:12)\"},{\"columnNumber\":12,\"lineNumber\":322,\"fileName\":\"node:net\",\"functionName\":\"Pipe.<anonymous>\",\"source\":\"    at Pipe.<anonymous> (node:net:322:12)\"}]"
}
[06/05/23, 08:50:08:439] info: getLinuxDistro: getos 
{
  "res": {
    "os": "linux",
    "dist": "Ubuntu",
    "codename": "focal",
    "release": "20.04"
  }
}
[06/05/23, 08:50:08:440] info: Store: READY 
{
  "0": {
    "tokens": [
      "z-app-T059GBV1KRD-5371546063187-e71fea50ff247b5be01e48b4741aac3619d44651e9bb6c1fd1162be3273831c7"
    ]
  },
  "resourcePath": "/snap/slack/71/usr/lib/slack/resources/app.asar",
  "tsaToken": "[REDACTED]",
  "bootFragments": [],
  "protoUrl": "[REDACTED]",
  "appVersion": "4.32.122",
  "is64Bit": true,
  "isGpuCompositionAvailable": true,
  "isTitleBarHidden": false,
  "platform": "linux",
  "platformVersion": {
    "major": 5,
    "minor": 15,
    "build": 0
  },
  "developerMenuOverride": false,
  "uuid": "7bcdd816-6246-4bce-8043-86a2deb3ed40",
  "applicationProcessSessionId": "N2JjZGQ4MTYtNjI0Ni00YmNlLTgwNDMtODZhMmRlYjNlZDQwXzE2ODU5NDc4MDgzODk=",
  "distribution": "Snap",
  "clientEnvironment": 1000,
  "linux": {
    "os": "Ubuntu",
    "name": "Ubuntu 20.04",
    "release": "20.04",
    "codename": "focal",
    "desktopEnvironment": "Unity"
  }
}
[06/05/23, 08:50:08:441] info: initializeApplicationEpic: trying to set ntlm credential domain for session 
{
  "sessionId": "PROD_DEFAULT_SESSION"
}
[06/05/23, 08:50:08:441] info: initializeApplicationEpic: Setting spellcheck dictionary URL 
{
  "dictionaryUrl": "https://spellcheck.slack-edge.com/dictionaries_v2/"
}
[06/05/23, 08:50:08:441] info: initializeApplicationEpic: Welcome to Slack 4.32.122 x64 
[06/05/23, 08:50:08:441] info: Breadcrumb: electron: powerMonitor.newListener 
[06/05/23, 08:50:08:442] info: AutoLoginEpic: Checking for autologin. 
[06/05/23, 08:50:08:443] info: getIsUpdateSupported: Updates are not supported 
{
  "version": "4.32.122",
  "reasons": [
    "using Linux"
  ],
  "distribution": "Snap",
  "executable": "/snap/slack/71/usr/lib/slack"
}
[06/05/23, 08:50:08:453] info: Store: SET_ACCESSIBILITY_SUPPORT_ENABLED 
[06/05/23, 08:50:08:453] info: Store: CREATE_WINDOW 
{
  "type": "main"
}
[06/05/23, 08:50:08:453] info: Store: HANDLE_DEEP_LINK 
{
  "url": "slack://T059GBV1KRD/magic-login/5371546063187-e71fea50ff247b5be01e48b4741aac3619d44651e9bb6c1fd1162be3273831c7"
}
[06/05/23, 08:50:08:454] info: Store: UPDATE_SETTINGS 
{
  "isSignedIntoSlackOrg": false
}
[06/05/23, 08:50:08:469] info: Breadcrumb: electron: app.web-contents-created 
[06/05/23, 08:50:08:478] info: Breadcrumb: electron: app.browser-window-created 
[06/05/23, 08:50:08:481] info: MagicLogin: Making magic login API request to https://app.slack.com/api/ 
[06/05/23, 08:50:08:486] info: Store: MAGIC_LOGIN_IN_PROGRESS true
[06/05/23, 08:50:08:486] info: Breadcrumb: electron: powerMonitor.newListener 
[06/05/23, 08:50:08:487] info: initialSettingsPayload: trying to invalidate settings 
{
  "payload": {
    "launchOnStartup": false,
    "PrefSSBFileDownloadPath": "/home/dci-student/Downloads",
    "PrefSSBFileDownloadPathDisplayName": "Downloads",
    "hasRunApp": true
  }
}
[06/05/23, 08:50:08:487] info: Store: UPDATE_SETTINGS 
{
  "launchOnStartup": false,
  "PrefSSBFileDownloadPath": "/home/dci-student/Downloads",
  "PrefSSBFileDownloadPathDisplayName": "Downloads",
  "hasRunApp": true
}
[06/05/23, 08:50:08:489] info: Store: SET_UPDATE_SUPPORTED 
[06/05/23, 08:50:08:514] info: registerLifeCycleEvents: Registering webContents:1 
[06/05/23, 08:50:08:514] info: Store: UPSERT_WEB_CONTENTS 
{
  "id": 1,
  "state": "unloaded"
}
[06/05/23, 08:50:08:522] info: Store: TOKEN_FILE_PROCESSED 
[06/05/23, 08:50:08:522] info: AutoLoginEpic: Processing token file for autologin. 
[06/05/23, 08:50:08:522] info: AutoLoginEpic: Completed autologin processing — successfully logged in 0 workspaces. 
[06/05/23, 08:50:08:522] info: AutoLoginEpic: Setting default sign-in team to null 
[06/05/23, 08:50:08:522] info: Store: AUTOLOGIN_TEAMS_COMPLETE 
[06/05/23, 08:50:08:523] info: Store: UPDATE_SETTINGS 
{
  "defaultSigninTeam": null
}
[06/05/23, 08:50:08:527] info: Breadcrumb: electron: app.web-contents-created 
[06/05/23, 08:50:08:527] info: Breadcrumb: electron: app.browser-window-created 
[06/05/23, 08:50:08:528] info: getSonicBaseURL: Booting into devEnv 
{
  "url": "https://app.slack.com"
}
[06/05/23, 08:50:08:529] info: MainWindowEpics: Setting main window ID 
{
  "id": 2
}
[06/05/23, 08:50:08:531] info: Store: WINDOW_CREATED 
{
  "type": "main",
  "id": 2,
  "frame": {
    "isHtmlFullScreen": false,
    "isFullScreen": false,
    "isMinimized": false,
    "isMaximized": false,
    "isVisible": false,
    "isFocused": false,
    "bounds": {
      "x": 596,
      "y": 253,
      "width": 800,
      "height": 600
    }
  }
}
[06/05/23, 08:50:08:533] info: Breadcrumb: electron: powerMonitor.newListener 
[06/05/23, 08:50:08:533] info: Breadcrumb: electron: powerMonitor.newListener 
[06/05/23, 08:50:08:534] info: Watching for keyboard layout changes 
[06/05/23, 08:50:08:549] info: Store: RECORD_PERFORMANCE_TIMING 
{
  "phase": 1,
  "interval": 144
}
[06/05/23, 08:50:08:549] info: Store: UPDATE_SETTINGS 
{
  "keyboardLayout": "de,us,us"
}
[06/05/23, 08:50:08:553] info: registerLifeCycleEvents: Registering webContents:2 
[06/05/23, 08:50:08:553] info: Store: UPSERT_WEB_CONTENTS 
{
  "id": 2,
  "state": "unloaded"
}
[06/05/23, 08:50:08:559] info: System configuration information 
{
  "info": {
    "total_memory_in_gb": 15,
    "gpuFeatures": {
      "2d_canvas": "disabled_software",
      "canvas_oop_rasterization": "disabled_off",
      "direct_rendering_display_compositor": "disabled_off_ok",
      "gpu_compositing": "disabled_software",
      "multiple_raster_threads": "enabled_on",
      "opengl": "disabled_off",
      "rasterization": "disabled_software",
      "raw_draw": "disabled_off_ok",
      "video_decode": "disabled_software",
      "video_encode": "disabled_software",
      "vulkan": "disabled_off",
      "webgl": "disabled_off",
      "webgl2": "disabled_off",
      "webgpu": "disabled_off"
    },
    "cpu_model": "12th Gen Intel(R) Core(TM) i5-1235U",
    "cpu_logical_core": 12,
    "cpu_clock_speed": 3790,
    "gpuDevice": [
      {
        "active": false,
        "cudaComputeCapabilityMajor": 0,
        "deviceId": 0,
        "gpuPreference": 0,
        "vendorId": 0
      }
    ],
    "machine_model_name": "unknown",
    "machine_model_version": "unknown",
    "crash_db_size_kb": 1
  }
}
[06/05/23, 08:50:08:766] info: Breadcrumb: electron.net: undefined 
{
  "url": "https://app.slack.com/api//desktop.features",
  "method": "GET",
  "status_code": 200
}
[06/05/23, 08:50:08:768] info: Feature Check: received experiments 
{
  "ok": true,
  "experiments": []
}
[06/05/23, 08:50:08:855] info: Finished download of spellcheck dictionary 
{
  "code": "en-US"
}
[06/05/23, 08:50:08:856] info: Spellcheck dictionary initialized 
{
  "code": "en-US"
}
[06/05/23, 08:50:08:898] info: authCookieBreadcrumb: change to auth cookie 
{
  "sessionId": "PROD_DEFAULT_SESSION",
  "cause": "explicit",
  "removed": false,
  "cookie_name": "d",
  "domain": ".slack.com",
  "expiration": 1720507808.896697
}
[06/05/23, 08:50:09:179] info: Breadcrumb: electron: app.gpu-info-update 
[06/05/23, 08:50:09:219] info: Breadcrumb: electron: renderer.dom-ready 
{
  "id": 1,
  "url": "https://app.slack.com/api/auth.loginMagicBulk?magic_tokens=z-app-T059GBV1KRD-5371546063187-e71fea50ff247b5be01e48b4741aac3619d44651e9bb6c1fd1162be3273831c7&ssb=1"
}
[06/05/23, 08:50:09:219] info: registerLifeCycleEvents: webContents:1 from 'unloaded' to 'loaded' took 705 ms 
[06/05/23, 08:50:09:219] info: Store: UPSERT_WEB_CONTENTS 
{
  "id": 1,
  "state": "loaded"
}
[06/05/23, 08:50:09:220] info: Store: RECORD_PERFORMANCE_TIMING 
{
  "phase": 2,
  "interval": 688
}
[06/05/23, 08:50:09:241] info: registerLifeCycleEvents: webContents:1 is type 'auth' 
[06/05/23, 08:50:09:241] info: Store: UPSERT_WEB_CONTENTS 
{
  "id": 1,
  "type": "auth",
  "history": "[REDACTED]"
}
[06/05/23, 08:50:09:244] info: Breadcrumb: electron: window.ready-to-show 
{
  "id": 1,
  "url": "https://app.slack.com/api/auth.loginMagicBulk?magic_tokens=z-app-T059GBV1KRD-5371546063187-e71fea50ff247b5be01e48b4741aac3619d44651e9bb6c1fd1162be3273831c7&ssb=1"
}
[06/05/23, 08:50:09:246] info: Breadcrumb: electron: window.close 
{
  "id": 1,
  "url": "https://app.slack.com/api/auth.loginMagicBulk?magic_tokens=z-app-T059GBV1KRD-5371546063187-e71fea50ff247b5be01e48b4741aac3619d44651e9bb6c1fd1162be3273831c7&ssb=1"
}
[06/05/23, 08:50:09:247] info: registerLifeCycleEvents: webContents:1 from 'loaded' to 'page-closed' took 6 ms 
[06/05/23, 08:50:09:247] info: Store: UPSERT_WEB_CONTENTS 
{
  "id": 1,
  "state": "page-closed"
}
[06/05/23, 08:50:09:247] info: Store: MAGIC_LOGIN_IN_PROGRESS 
[06/05/23, 08:50:09:269] info: Breadcrumb: electron: renderer.destroyed 
{
  "id": 1,
  "url": "https://app.slack.com/api/auth.loginMagicBulk?magic_tokens=z-app-T059GBV1KRD-5371546063187-e71fea50ff247b5be01e48b4741aac3619d44651e9bb6c1fd1162be3273831c7&ssb=1"
}
[06/05/23, 08:50:09:269] info: Store: REMOVE_WEB_CONTENTS 
{
  "id": 1
}
[06/05/23, 08:50:09:272] info: Breadcrumb: electron: window.closed 
{
  "id": 1,
  "url": "https://app.slack.com/api/auth.loginMagicBulk?magic_tokens=z-app-T059GBV1KRD-5371546063187-e71fea50ff247b5be01e48b4741aac3619d44651e9bb6c1fd1162be3273831c7&ssb=1"
}
[06/05/23, 08:50:09:436] info: Store: UPDATE_SETTINGS 
{
  "userTheme": "light"
}
[06/05/23, 08:50:09:437] info: Store: UPDATE_SETTINGS 
{
  "systemThemeSyncEnabled": false
}
[06/05/23, 08:50:09:514] info: Breadcrumb: electron: renderer.dom-ready 
{
  "id": 2,
  "url": "https://app.slack.com/ssb/first?redir=%2Fssb%2Fclient#/"
}
[06/05/23, 08:50:09:514] info: registerLifeCycleEvents: webContents:2 from 'unloaded' to 'loaded' took 961 ms 
[06/05/23, 08:50:09:514] info: Store: UPSERT_WEB_CONTENTS 
{
  "id": 2,
  "state": "loaded"
}
[06/05/23, 08:50:09:515] info: initializeMainWindowEpic: Showing main window 
{
  "maximized": false,
  "shouldHide": false,
  "fullScreen": false
}
[06/05/23, 08:50:09:516] info: Breadcrumb: electron: window.show 
{
  "id": 2,
  "url": "https://app.slack.com/ssb/first?redir=%2Fssb%2Fclient#/"
}
[06/05/23, 08:50:09:517] info: Store: SET_WINDOW_FRAME 
{
  "id": 2,
  "frame": {
    "isVisible": true
  },
  "fromEvent": true
}
[06/05/23, 08:50:09:518] info: Store: MAIN_WINDOW_SHOWN 
[06/05/23, 08:50:09:521] info: Store: UPDATE_SETTINGS 
{
  "mainWindowSettings": {
    "fullScreen": false,
    "maximized": false,
    "bounds": {
      "x": 484,
      "y": 170,
      "width": 1024,
      "height": 768
    }
  }
}
[06/05/23, 08:50:09:522] info: Store: CLEAR_NOTIFICATIONS 
[06/05/23, 08:50:09:545] info: waitAuthCookieChange: waiting for auth change for session 
{
  "sessionId": "PROD_DEFAULT_SESSION"
}
[06/05/23, 08:50:09:549] info: Breadcrumb: electron: window.focus 
{
  "id": 2,
  "url": "https://app.slack.com/ssb/first?redir=%2Fssb%2Fclient#/"
}
[06/05/23, 08:50:09:550] info: Breadcrumb: electron: app.browser-window-focus 
[06/05/23, 08:50:09:550] info: Store: SET_WINDOW_FRAME 
{
  "id": 2,
  "frame": {
    "isFocused": true
  },
  "fromEvent": true
}
[06/05/23, 08:50:09:577] info: Store: SET_WINDOW_FRAME 
{
  "id": 2,
  "frame": {
    "bounds": {
      "x": 484,
      "y": 207,
      "width": 1024,
      "height": 768
    },
    "isMaximized": false
  },
  "fromEvent": true
}
[06/05/23, 08:50:09:580] info: Breadcrumb: electron: window.ready-to-show 
{
  "id": 2,
  "url": "https://app.slack.com/ssb/first?redir=%2Fssb%2Fclient#/"
}
[06/05/23, 08:50:09:613] info: registerLifeCycleEvents: webContents:2 is type 'app' 
[06/05/23, 08:50:09:613] info: Store: UPSERT_WEB_CONTENTS 
{
  "id": 2,
  "type": "app",
  "history": "[REDACTED]"
}
[06/05/23, 08:50:09:617] info: Store: SET_WINDOW_FRAME 
{
  "id": 2,
  "frame": {
    "isVisible": true,
    "isFocused": true
  },
  "fromEvent": true
}
[06/05/23, 08:50:09:792] info: Store: SET_NETWORK_STATUS online
[06/05/23, 08:50:10:546] info: Store: SET_WINDOW_FRAME 
{
  "id": 2,
  "frame": {
    "bounds": {
      "x": 484,
      "y": 207,
      "width": 1024,
      "height": 768
    },
    "isMaximized": false
  },
  "fromEvent": true
}
[06/05/23, 08:50:10:621] info: Store: UPDATE_SETTINGS 
{
  "mainWindowSettings": {
    "fullScreen": false,
    "maximized": false,
    "bounds": {
      "x": 484,
      "y": 207,
      "width": 1024,
      "height": 768
    }
  }
}
[06/05/23, 08:50:13:360] info: Store: persist/FLUSH 
[06/05/23, 08:50:16:839] info: actionForExternalWindowURL: Opening external window 
[06/05/23, 08:50:16:842] info: openExternal: Successfully opened external URL 
{
  "protocol": "https:",
  "trigger": 0
}
[06/05/23, 08:50:17:029] info: Breadcrumb: electron: window.blur 
{
  "id": 2,
  "url": "https://app.slack.com/ssb/first?redir=%2Fssb%2Fclient#/"
}
[06/05/23, 08:50:17:030] info: Breadcrumb: electron: app.browser-window-blur 
[06/05/23, 08:50:17:030] info: Store: SET_WINDOW_FRAME 
{
  "id": 2,
  "frame": {
    "isFocused": false
  },
  "fromEvent": true
}
[06/05/23, 08:50:43:716] info: Breadcrumb: electron: app.second-instance 
[06/05/23, 08:50:43:717] info: secondInstanceEpic: Received deep link protocol activation 
[06/05/23, 08:50:43:717] info: Store: HANDLE_DEEP_LINK 
{
  "url": "slack://T059GBV1KRD/magic-login/5368734049733-b41ba9b9a4e318eee9f3d8dd3331c225c19698b2f7972300ceca76b445479bb7"
}
[06/05/23, 08:50:43:719] info: Breadcrumb: electron: app.web-contents-created 
[06/05/23, 08:50:43:720] info: Breadcrumb: electron: app.browser-window-created 
[06/05/23, 08:50:43:720] info: MagicLogin: Making magic login API request to https://app.slack.com/api/ 
[06/05/23, 08:50:43:722] info: Store: MAGIC_LOGIN_IN_PROGRESS true
[06/05/23, 08:50:43:723] info: registerLifeCycleEvents: Registering webContents:3 
[06/05/23, 08:50:43:723] info: Store: UPSERT_WEB_CONTENTS 
{
  "id": 3,
  "state": "unloaded"
}
[06/05/23, 08:50:43:748] info: Breadcrumb: electron: window.focus 
{
  "id": 2,
  "url": "https://app.slack.com/ssb/first?redir=%2Fssb%2Fclient#/"
}
[06/05/23, 08:50:43:748] info: Breadcrumb: electron: app.browser-window-focus 
[06/05/23, 08:50:43:748] info: Store: SET_WINDOW_FRAME 
{
  "id": 2,
  "frame": {
    "isFocused": true
  },
  "fromEvent": true
}
[06/05/23, 08:50:44:348] info: authCookieBreadcrumb: change to auth cookie 
{
  "sessionId": "PROD_DEFAULT_SESSION",
  "cause": "overwrite",
  "removed": true,
  "cookie_name": "d",
  "domain": ".slack.com",
  "expiration": 1720507808.896697
}
[06/05/23, 08:50:44:349] info: authCookieBreadcrumb: change to auth cookie 
{
  "sessionId": "PROD_DEFAULT_SESSION",
  "cause": "explicit",
  "removed": false,
  "cookie_name": "d",
  "domain": ".slack.com",
  "expiration": 1720507844.341457
}
[06/05/23, 08:50:44:355] info: Store: UPSERT_WEB_CONTENTS 
{
  "id": 2,
  "history": "[REDACTED]"
}
[06/05/23, 08:50:44:381] info: Breadcrumb: electron: window.ready-to-show 
{
  "id": 3,
  "url": "https://app.slack.com/api/auth.loginMagicBulk?magic_tokens=z-app-T059GBV1KRD-5368734049733-b41ba9b9a4e318eee9f3d8dd3331c225c19698b2f7972300ceca76b445479bb7&ssb=1"
}
[06/05/23, 08:50:44:402] info: Breadcrumb: electron: renderer.dom-ready 
{
  "id": 3,
  "url": "https://app.slack.com/api/auth.loginMagicBulk?magic_tokens=z-app-T059GBV1KRD-5368734049733-b41ba9b9a4e318eee9f3d8dd3331c225c19698b2f7972300ceca76b445479bb7&ssb=1"
}
[06/05/23, 08:50:44:403] info: registerLifeCycleEvents: webContents:3 from 'unloaded' to 'loaded' took 680 ms 
[06/05/23, 08:50:44:403] info: Store: UPSERT_WEB_CONTENTS 
{
  "id": 3,
  "state": "loaded"
}
[06/05/23, 08:50:44:408] info: registerLifeCycleEvents: webContents:3 is type 'auth' 
[06/05/23, 08:50:44:408] info: Store: UPSERT_WEB_CONTENTS 
{
  "id": 3,
  "type": "auth",
  "history": "[REDACTED]"
}
[06/05/23, 08:50:44:414] info: Breadcrumb: electron: window.close 
{
  "id": 3,
  "url": "https://app.slack.com/api/auth.loginMagicBulk?magic_tokens=z-app-T059GBV1KRD-5368734049733-b41ba9b9a4e318eee9f3d8dd3331c225c19698b2f7972300ceca76b445479bb7&ssb=1"
}
[06/05/23, 08:50:44:414] info: registerLifeCycleEvents: webContents:3 from 'loaded' to 'page-closed' took 6 ms 
[06/05/23, 08:50:44:414] info: Store: UPSERT_WEB_CONTENTS 
{
  "id": 3,
  "state": "page-closed"
}
[06/05/23, 08:50:44:415] info: Store: MAGIC_LOGIN_IN_PROGRESS 
[06/05/23, 08:50:44:420] info: Breadcrumb: electron: renderer.destroyed 
{
  "id": 3,
  "url": "https://app.slack.com/api/auth.loginMagicBulk?magic_tokens=z-app-T059GBV1KRD-5368734049733-b41ba9b9a4e318eee9f3d8dd3331c225c19698b2f7972300ceca76b445479bb7&ssb=1"
}
[06/05/23, 08:50:44:421] info: Store: REMOVE_WEB_CONTENTS 
{
  "id": 3
}
[06/05/23, 08:50:44:423] info: Breadcrumb: electron: window.closed 
{
  "id": 3,
  "url": "https://app.slack.com/api/auth.loginMagicBulk?magic_tokens=z-app-T059GBV1KRD-5368734049733-b41ba9b9a4e318eee9f3d8dd3331c225c19698b2f7972300ceca76b445479bb7&ssb=1"
}
[06/05/23, 08:50:44:962] info: Breadcrumb: electron: renderer.dom-ready 
{
  "id": 2,
  "url": "https://app.slack.com/client"
}
[06/05/23, 08:50:44:962] info: registerLifeCycleEvents: webContents:2 from 'loaded' to 'loaded' took 607 ms 
[06/05/23, 08:50:44:962] info: Store: UPSERT_WEB_CONTENTS 
{
  "id": 2,
  "state": "loaded"
}
[06/05/23, 08:50:45:009] info: Breadcrumb: electron: window.ready-to-show 
{
  "id": 2,
  "url": "https://app.slack.com/client"
}
[06/05/23, 08:50:45:407] info: waitAuthCookieChange: waiting for auth change for session 
{
  "sessionId": "PROD_DEFAULT_SESSION"
}
[06/05/23, 08:50:45:583] info: Store: SET_NETWORK_STATUS online
[06/05/23, 08:50:46:361] info: Store: UPDATE_SETTINGS 
{
  "userTheme": "light"
}
[06/05/23, 08:50:46:362] info: Store: UPDATE_SETTINGS 
{
  "systemThemeSyncEnabled": false
}
[06/05/23, 08:50:46:687] info: Store: SYNC (Empty)
[06/05/23, 08:50:46:688] info: Store: SELECTION_CHANGED T059GBV1KRD
[06/05/23, 08:50:46:711] info: Store: REDUX_UPDATE_FROM_WEBAPP (T059GBV1KRD) Changed keys [theme,notificationPrefs,connectivityPrefs,featureFlags,unreads,locale,version,userId]
[06/05/23, 08:50:46:718] info: Store: REDUX_UPDATE_FROM_WEBAPP (T059GBV1KRD) Changed keys [featureFlags,userId]
[06/05/23, 08:50:46:719] info: Store: REDUX_UPDATE_FROM_WEBAPP (T059GBV1KRD) Changed keys [notificationPrefs,unreads]
[06/05/23, 08:50:46:720] info: Store: REDUX_UPDATE_FROM_WEBAPP (T059GBV1KRD) Changed keys [connectivityPrefs]
[06/05/23, 08:50:46:796] info: Store: SYNC Synced 1 workspaces with IDs [T059GBV1KRD]
[06/05/23, 08:50:46:800] info: Store: SELECTION_CHANGED T059GBV1KRD
[06/05/23, 08:50:46:802] info: registerLifeCycleEvents: webContents:2 from 'loaded' to 'webapp-loaded' took 1840 ms 
[06/05/23, 08:50:46:802] info: Store: UPSERT_WEB_CONTENTS 
{
  "id": 2,
  "state": "webapp-loaded"
}
[06/05/23, 08:50:46:804] info: Store: RECORD_PERFORMANCE_TIMING 
{
  "phase": 3,
  "interval": 37584
}
[06/05/23, 08:50:47:001] info: Store: UPDATE_SETTINGS 
{
  "trafficLightPosition": {
    "x": 14,
    "y": 29
  }
}
[06/05/23, 08:50:47:006] info: Store: EXTEND_MENU global: menucategory-file,menucategory-view,menucategory-jump-to
[06/05/23, 08:50:47:012] info: Store: EXTEND_MENU T059GBV1KRD: menucategory-file,menucategory-view,menucategory-edit,menucategory-history,menucategory-help
[06/05/23, 08:50:48:410] info: Store: REDUX_UPDATE_FROM_WEBAPP (T059GBV1KRD) Changed keys [unreads]
[06/05/23, 08:50:51:798] info: Store: persist/FLUSH 
[06/05/23, 08:50:52:152] info: Store: EXTEND_MENU T059GBV1KRD: menucategory-file,menucategory-view,menucategory-edit,menucategory-history,menucategory-help
[06/05/23, 08:50:53:323] info: Breadcrumb: electron: window.blur 
{
  "id": 2,
  "url": "https://app.slack.com/client/T059GBV1KRD/C05ALK91916"
}
[06/05/23, 08:50:53:324] info: Breadcrumb: electron: app.browser-window-blur 
[06/05/23, 08:50:53:324] info: Store: SET_WINDOW_FRAME 
{
  "id": 2,
  "frame": {
    "isFocused": false
  },
  "fromEvent": true
}
[06/05/23, 08:51:08:445] info: Store: UPDATE_SETTINGS 
{
  "lastClogForProxyInfo": 1685947868445
}
[06/05/23, 08:51:18:581] info: Breadcrumb: electron.net: undefined 
{
  "url": "https://app.slack.com/clog/track/",
  "method": "POST",
  "status_code": 200
}
[06/05/23, 08:51:18:732] info: Breadcrumb: electron.net: undefined 
{
  "url": "https://app.slack.com/clog/track/",
  "method": "POST",
  "status_code": 200
}
[06/05/23, 08:51:31:980] info: Breadcrumb: electron: window.focus 
{
  "id": 2,
  "url": "https://app.slack.com/client/T059GBV1KRD/C05ALK91916"
}
[06/05/23, 08:51:31:980] info: Breadcrumb: electron: app.browser-window-focus 
[06/05/23, 08:51:31:980] info: Store: SET_WINDOW_FRAME 
{
  "id": 2,
  "frame": {
    "isFocused": true
  },
  "fromEvent": true
}
[06/05/23, 08:51:34:620] info: Breadcrumb: electron: window.minimize 
{
  "id": 2,
  "url": "https://app.slack.com/client/T059GBV1KRD/C05ALK91916"
}
[06/05/23, 08:51:34:621] info: Store: SET_WINDOW_FRAME 
{
  "id": 2,
  "frame": {
    "isMinimized": true
  },
  "fromEvent": true
}
[06/05/23, 08:51:34:640] info: Breadcrumb: electron: window.blur 
{
  "id": 2,
  "url": "https://app.slack.com/client/T059GBV1KRD/C05ALK91916"
}
[06/05/23, 08:51:34:640] info: Breadcrumb: electron: app.browser-window-blur 
[06/05/23, 08:51:34:640] info: Store: SET_WINDOW_FRAME 
{
  "id": 2,
  "frame": {
    "isFocused": false
  },
  "fromEvent": true
}
[06/05/23, 08:51:34:644] info: Breadcrumb: electron: window.blur 
{
  "id": 2,
  "url": "https://app.slack.com/client/T059GBV1KRD/C05ALK91916"
}
[06/05/23, 08:51:34:644] info: Breadcrumb: electron: app.browser-window-blur 
[06/05/23, 08:55:49:728] info: Store: SET_SYSTEM_IDLE idle
[06/05/23, 08:55:59:730] info: Store: SET_SYSTEM_IDLE active
[06/05/23, 08:59:09:872] info: Store: SET_SYSTEM_IDLE idle
[06/05/23, 09:02:40:025] info: Store: SET_SYSTEM_IDLE active
[06/05/23, 09:07:50:211] info: Store: SET_SYSTEM_IDLE idle
[06/05/23, 09:09:30:272] info: Store: SET_SYSTEM_IDLE active
[06/05/23, 09:11:40:356] info: Store: SET_SYSTEM_IDLE idle
[06/05/23, 09:12:00:368] info: Store: SET_SYSTEM_IDLE active
[06/05/23, 09:17:50:605] info: Store: SET_SYSTEM_IDLE idle
[06/05/23, 09:18:00:607] info: Store: SET_SYSTEM_IDLE active
[06/05/23, 09:20:40:719] info: Store: SET_SYSTEM_IDLE idle
[06/05/23, 09:21:30:748] info: Store: SET_SYSTEM_IDLE active
[06/05/23, 09:22:00:767] info: Store: SET_SYSTEM_IDLE idle
[06/05/23, 09:22:30:784] info: Store: SET_SYSTEM_IDLE active
[06/05/23, 09:23:10:799] info: Store: SET_SYSTEM_IDLE idle
[06/05/23, 09:30:01:085] info: Store: SET_SYSTEM_IDLE active
[06/05/23, 09:30:41:112] info: Store: SET_SYSTEM_IDLE idle
[06/05/23, 09:30:51:114] info: Store: SET_SYSTEM_IDLE active
[06/05/23, 09:31:51:156] info: Store: SET_SYSTEM_IDLE idle
[06/05/23, 09:33:11:205] info: Store: SET_SYSTEM_IDLE active
[06/05/23, 09:33:51:232] info: Store: SET_SYSTEM_IDLE idle
[06/05/23, 09:38:01:395] info: Store: SET_SYSTEM_IDLE active
[06/05/23, 09:38:41:422] info: Store: SET_SYSTEM_IDLE idle
[06/05/23, 09:48:31:807] info: Store: SET_SYSTEM_IDLE active
[06/05/23, 09:49:21:835] info: Store: SET_SYSTEM_IDLE idle
[06/05/23, 09:50:08:399] info: Feature Check: requesting features from https://app.slack.com/api/ 
[06/05/23, 09:50:08:549] info: Breadcrumb: electron.net: undefined 
{
  "url": "https://app.slack.com/api//desktop.features",
  "method": "GET",
  "status_code": 200
}
[06/05/23, 09:50:08:569] info: Feature Check: received experiments 
{
  "ok": true,
  "experiments": []
}
[06/05/23, 09:51:31:908] info: Store: SET_SYSTEM_IDLE active
[06/05/23, 09:52:01:923] info: Store: SET_SYSTEM_IDLE idle
[06/05/23, 09:52:41:952] info: Store: SET_SYSTEM_IDLE active
[06/05/23, 09:53:01:964] info: Store: SET_SYSTEM_IDLE idle
[06/05/23, 09:53:11:966] info: Store: SET_SYSTEM_IDLE active
[06/05/23, 09:54:02:007] info: Store: SET_SYSTEM_IDLE idle
[06/05/23, 09:54:42:032] info: Store: SET_SYSTEM_IDLE active
[06/05/23, 09:55:02:043] info: Store: SET_SYSTEM_IDLE idle
[06/05/23, 09:57:02:117] info: Store: SET_SYSTEM_IDLE active
[06/05/23, 09:58:42:188] info: Store: SET_SYSTEM_IDLE idle
[06/05/23, 10:01:12:281] info: Store: SET_SYSTEM_IDLE active
[06/05/23, 10:01:32:291] info: Store: SET_SYSTEM_IDLE idle
[06/05/23, 10:03:12:356] info: Store: SET_SYSTEM_IDLE active
[06/05/23, 10:03:32:364] info: Store: SET_SYSTEM_IDLE idle
[06/05/23, 10:05:12:429] info: Store: SET_SYSTEM_IDLE active
[06/05/23, 10:05:52:456] info: Store: SET_SYSTEM_IDLE idle
[06/05/23, 10:08:52:576] info: Store: SET_SYSTEM_IDLE active
[06/05/23, 10:09:12:581] info: Store: SET_SYSTEM_IDLE idle
[06/05/23, 10:11:52:684] info: Store: SET_SYSTEM_IDLE active
[06/05/23, 10:12:42:712] info: Store: SET_SYSTEM_IDLE idle
[06/05/23, 10:15:02:809] info: Store: SET_SYSTEM_IDLE active
[06/05/23, 10:15:32:820] info: Store: SET_SYSTEM_IDLE idle
[06/05/23, 10:16:02:836] info: Store: SET_SYSTEM_IDLE active
[06/05/23, 10:16:52:867] info: Store: SET_SYSTEM_IDLE idle
[06/05/23, 10:17:22:880] info: Store: SET_SYSTEM_IDLE active
[06/05/23, 10:17:42:885] info: Store: SET_SYSTEM_IDLE idle
[06/05/23, 10:31:23:488] info: Store: SET_SYSTEM_IDLE active
[06/05/23, 10:31:43:492] info: Store: SET_SYSTEM_IDLE idle
[06/05/23, 10:32:13:504] info: Store: SET_SYSTEM_IDLE active
[06/05/23, 10:32:43:523] info: Store: SET_SYSTEM_IDLE idle
[06/05/23, 10:43:13:968] info: Store: SET_SYSTEM_IDLE active
[06/05/23, 10:43:43:988] info: Store: SET_SYSTEM_IDLE idle
[06/05/23, 10:47:54:172] info: Store: SET_SYSTEM_IDLE active
[06/05/23, 10:48:44:207] info: Store: SET_SYSTEM_IDLE idle
[06/05/23, 10:49:44:244] info: Store: SET_SYSTEM_IDLE active
[06/05/23, 10:50:08:404] info: Feature Check: requesting features from https://app.slack.com/api/ 
[06/05/23, 10:50:08:555] info: Breadcrumb: electron.net: undefined 
{
  "url": "https://app.slack.com/api//desktop.features",
  "method": "GET",
  "status_code": 200
}
[06/05/23, 10:50:08:577] info: Feature Check: received experiments 
{
  "ok": true,
  "experiments": []
}
[06/05/23, 10:50:34:269] info: Store: SET_SYSTEM_IDLE idle
[06/05/23, 10:54:44:440] info: Store: SET_SYSTEM_IDLE active
[06/05/23, 10:55:04:443] info: Store: SET_SYSTEM_IDLE idle
[06/05/23, 10:56:34:508] info: Store: SET_SYSTEM_IDLE active
[06/05/23, 10:57:04:523] info: Store: SET_SYSTEM_IDLE idle
[06/05/23, 10:57:24:528] info: Store: SET_SYSTEM_IDLE active
[06/05/23, 10:58:04:557] info: Store: SET_SYSTEM_IDLE idle
[06/05/23, 10:58:14:559] info: Store: SET_SYSTEM_IDLE active
[06/05/23, 10:58:34:564] info: Store: SET_SYSTEM_IDLE idle
[06/05/23, 11:12:55:210] info: Store: SET_SYSTEM_IDLE active
[06/05/23, 11:13:36:079] info: Store: NEW_NOTIFICATION 
{
  "id": "T059GBV1KRD_1685956415.893619",
  "title": "[REDACTED]",
  "subtitle": "[REDACTED]",
  "content": "[REDACTED]",
  "authorName": "[REDACTED]",
  "avatarImage": "[REDACTED]",
  "teamId": "T059GBV1KRD",
  "userId": "U059L3YL3KR",
  "msg": "1685956415.893619",
  "channel": "C05ALK91916",
  "channelName": "[REDACTED]",
  "launchUri": "slack://channel?id=C05ALK91916&message=1685956415.893619&team=T059GBV1KRD",
  "silent": true,
  "hasReply": true,
  "trace_id": "{\"traceId\":\"ed9fe495074d599a\",\"parentSpanId\":\"ed9fe495074d599a\"}"
}
[06/05/23, 11:13:36:082] info: Creating new Electron notification. 
[06/05/23, 11:13:39:157] info: Breadcrumb: electron.net: undefined 
{
  "url": "https://app.slack.com/clog/track/",
  "method": "POST",
  "status_code": 200
}
[06/05/23, 11:14:06:972] info: Store: NEW_NOTIFICATION 
{
  "id": "T059GBV1KRD_1685956446.869299",
  "title": "[REDACTED]",
  "subtitle": "[REDACTED]",
  "content": "[REDACTED]",
  "authorName": "[REDACTED]",
  "avatarImage": "[REDACTED]",
  "teamId": "T059GBV1KRD",
  "userId": "U059L3YL3KR",
  "msg": "1685956446.869299",
  "channel": "C05ALK91916",
  "channelName": "[REDACTED]",
  "launchUri": "slack://channel?id=C05ALK91916&message=1685956446.869299&team=T059GBV1KRD",
  "silent": true,
  "hasReply": true,
  "trace_id": "{\"traceId\":\"29c903abac0f6335\",\"parentSpanId\":\"29c903abac0f6335\"}"
}
[06/05/23, 11:14:06:973] info: Creating new Electron notification. 
[06/05/23, 11:14:35:277] info: Store: SET_SYSTEM_IDLE idle
[06/05/23, 11:14:47:342] info: Store: NEW_NOTIFICATION 
{
  "id": "T059GBV1KRD_1685956487.241179",
  "title": "[REDACTED]",
  "subtitle": "[REDACTED]",
  "content": "[REDACTED]",
  "authorName": "[REDACTED]",
  "avatarImage": "[REDACTED]",
  "teamId": "T059GBV1KRD",
  "userId": "U059L3YL3KR",
  "msg": "1685956487.241179",
  "channel": "C05ALK91916",
  "channelName": "[REDACTED]",
  "launchUri": "slack://channel?id=C05ALK91916&message=1685956487.241179&team=T059GBV1KRD",
  "silent": true,
  "hasReply": true,
  "trace_id": "{\"traceId\":\"70c94d3455f8d219\",\"parentSpanId\":\"70c94d3455f8d219\"}"
}
[06/05/23, 11:14:47:342] info: Creating new Electron notification. 
[06/05/23, 11:14:49:154] info: Breadcrumb: electron.net: undefined 
{
  "url": "https://app.slack.com/clog/track/",
  "method": "POST",
  "status_code": 200
}
[06/05/23, 11:14:49:296] info: Breadcrumb: electron.net: undefined 
{
  "url": "https://app.slack.com/clog/track/",
  "method": "POST",
  "status_code": 200
}
[06/05/23, 11:14:55:284] info: Store: SET_SYSTEM_IDLE active
[06/05/23, 11:19:15:479] info: Store: SET_SYSTEM_IDLE idle
[06/05/23, 11:19:45:496] info: Store: SET_SYSTEM_IDLE active
[06/05/23, 11:23:45:675] info: Store: SET_SYSTEM_IDLE idle
[06/05/23, 11:23:55:677] info: Store: SET_SYSTEM_IDLE active
[06/05/23, 11:24:45:708] info: Store: SET_SYSTEM_IDLE idle
[06/05/23, 11:24:55:711] info: Store: SET_SYSTEM_IDLE active
[06/05/23, 11:26:45:792] info: Store: SET_SYSTEM_IDLE idle
[06/05/23, 11:27:05:804] info: Store: SET_SYSTEM_IDLE active
[06/05/23, 11:27:45:830] info: Store: SET_SYSTEM_IDLE idle
[06/05/23, 11:28:55:878] info: Store: SET_SYSTEM_IDLE active
[06/05/23, 11:29:55:920] info: Store: SET_SYSTEM_IDLE idle
[06/05/23, 11:32:36:036] info: Store: SET_SYSTEM_IDLE active
[06/05/23, 11:32:56:047] info: Store: SET_SYSTEM_IDLE idle
[06/05/23, 11:35:16:165] info: Store: SET_SYSTEM_IDLE active
[06/05/23, 11:41:06:452] info: Store: SET_SYSTEM_IDLE idle
[06/05/23, 11:41:36:468] info: Store: SET_SYSTEM_IDLE active
[06/05/23, 11:41:56:480] info: Store: SET_SYSTEM_IDLE idle
[06/05/23, 11:42:26:496] info: Store: SET_SYSTEM_IDLE active
[06/05/23, 11:50:06:855] info: Store: SET_SYSTEM_IDLE idle
[06/05/23, 11:50:08:406] info: Feature Check: requesting features from https://app.slack.com/api/ 
[06/05/23, 11:50:08:527] info: Breadcrumb: electron.net: undefined 
{
  "url": "https://app.slack.com/api//desktop.features",
  "method": "GET",
  "status_code": 200
}
[06/05/23, 11:50:08:549] info: Feature Check: received experiments 
{
  "ok": true,
  "experiments": []
}
[06/05/23, 11:53:17:001] info: Store: SET_SYSTEM_IDLE active
[06/05/23, 11:53:47:019] info: Store: SET_SYSTEM_IDLE idle
[06/05/23, 11:54:40:423] info: Store: NEW_NOTIFICATION 
{
  "id": "T059GBV1KRD_1685958880.328849",
  "title": "[REDACTED]",
  "subtitle": "[REDACTED]",
  "content": "[REDACTED]",
  "authorName": "[REDACTED]",
  "avatarImage": "[REDACTED]",
  "teamId": "T059GBV1KRD",
  "userId": "U059L3YL3KR",
  "msg": "1685958880.328849",
  "channel": "C05ALK91916",
  "channelName": "[REDACTED]",
  "launchUri": "slack://channel?id=C05ALK91916&message=1685958880.328849&team=T059GBV1KRD",
  "silent": true,
  "hasReply": true,
  "trace_id": "{\"traceId\":\"191c7be577164d7b\",\"parentSpanId\":\"191c7be577164d7b\"}"
}
[06/05/23, 11:54:40:424] info: Creating new Electron notification. 
[06/05/23, 11:54:47:061] info: Store: SET_SYSTEM_IDLE active
[06/05/23, 11:55:07:078] info: Store: SET_SYSTEM_IDLE idle
[06/05/23, 11:55:27:088] info: Store: SET_SYSTEM_IDLE active
[06/05/23, 11:55:39:227] info: Breadcrumb: electron.net: undefined 
{
  "url": "https://app.slack.com/clog/track/",
  "method": "POST",
  "status_code": 200
}
[06/05/23, 11:55:57:099] info: Store: SET_SYSTEM_IDLE idle
[06/05/23, 11:58:47:232] info: Store: SET_SYSTEM_IDLE active
[06/05/23, 11:59:37:263] info: Store: SET_SYSTEM_IDLE idle
[06/05/23, 11:59:57:276] info: Store: SET_SYSTEM_IDLE active
[06/05/23, 12:01:47:351] info: Store: SET_SYSTEM_IDLE idle
[06/05/23, 12:08:17:677] info: Store: SET_SYSTEM_IDLE active
[06/05/23, 12:11:07:818] info: Store: SET_SYSTEM_IDLE idle
[06/05/23, 12:20:28:280] info: Store: SET_SYSTEM_IDLE active
[06/05/23, 12:20:58:299] info: Store: SET_SYSTEM_IDLE idle
[06/05/23, 12:50:08:415] info: Feature Check: requesting features from https://app.slack.com/api/ 
[06/05/23, 12:50:08:610] info: Breadcrumb: electron.net: undefined 
{
  "url": "https://app.slack.com/api//desktop.features",
  "method": "GET",
  "status_code": 200
}
[06/05/23, 12:50:08:629] info: Feature Check: received experiments 
{
  "ok": true,
  "experiments": []
}
[06/05/23, 13:04:03:762] info: Store: NEW_NOTIFICATION 
{
  "id": "T059GBV1KRD_1685963043.447639",
  "title": "[REDACTED]",
  "subtitle": "[REDACTED]",
  "content": "[REDACTED]",
  "authorName": "[REDACTED]",
  "avatarImage": "[REDACTED]",
  "teamId": "T059GBV1KRD",
  "userId": "U059L3YL3KR",
  "msg": "1685963043.447639",
  "channel": "C059XNZQ6FP",
  "channelName": "[REDACTED]",
  "launchUri": "slack://channel?id=C059XNZQ6FP&message=1685963043.447639&team=T059GBV1KRD",
  "silent": true,
  "hasReply": true,
  "trace_id": "{\"traceId\":\"bab3bc2e7c5f1dc5\",\"parentSpanId\":\"bab3bc2e7c5f1dc5\"}"
}
[06/05/23, 13:04:03:762] info: Creating new Electron notification. 
[06/05/23, 13:04:10:064] info: Store: SET_SYSTEM_IDLE active
[06/05/23, 13:04:29:443] info: Breadcrumb: electron.net: undefined 
{
  "url": "https://app.slack.com/clog/track/",
  "method": "POST",
  "status_code": 200
}
[06/05/23, 13:04:30:071] info: Store: SET_SYSTEM_IDLE idle
[06/05/23, 13:10:30:288] info: Store: SET_SYSTEM_IDLE active
[06/05/23, 13:10:50:300] info: Store: SET_SYSTEM_IDLE idle
[06/05/23, 13:11:20:315] info: Store: SET_SYSTEM_IDLE active
[06/05/23, 13:12:37:366] info: Store: NEW_NOTIFICATION 
{
  "id": "T059GBV1KRD_1685963557.279349",
  "title": "[REDACTED]",
  "subtitle": "[REDACTED]",
  "content": "[REDACTED]",
  "authorName": "[REDACTED]",
  "avatarImage": "[REDACTED]",
  "teamId": "T059GBV1KRD",
  "userId": "U059L3YL3KR",
  "msg": "1685963557.279349",
  "channel": "C05AD9FG8D7",
  "channelName": "[REDACTED]",
  "launchUri": "slack://channel?id=C05AD9FG8D7&message=1685963557.279349&team=T059GBV1KRD",
  "silent": true,
  "hasReply": true,
  "trace_id": "{\"traceId\":\"6536256a078d5086\",\"parentSpanId\":\"6536256a078d5086\"}"
}
[06/05/23, 13:12:37:367] info: Creating new Electron notification. 
[06/05/23, 13:12:39:460] info: Breadcrumb: electron.net: undefined 
{
  "url": "https://app.slack.com/clog/track/",
  "method": "POST",
  "status_code": 200
}
[06/05/23, 13:13:27:785] info: Store: NEW_NOTIFICATION 
{
  "id": "T059GBV1KRD_1685963607.638389",
  "title": "[REDACTED]",
  "subtitle": "[REDACTED]",
  "content": "[REDACTED]",
  "authorName": "[REDACTED]",
  "avatarImage": "[REDACTED]",
  "teamId": "T059GBV1KRD",
  "userId": "U059L3YL3KR",
  "msg": "1685963607.638389",
  "channel": "C05AD9FG8D7",
  "channelName": "[REDACTED]",
  "launchUri": "slack://channel?id=C05AD9FG8D7&message=1685963607.638389&team=T059GBV1KRD",
  "silent": true,
  "hasReply": true,
  "trace_id": "{\"traceId\":\"5040dafb4b559a7c\",\"parentSpanId\":\"5040dafb4b559a7c\"}"
}
[06/05/23, 13:13:27:785] info: Creating new Electron notification. 
[06/05/23, 13:13:49:463] info: Breadcrumb: electron.net: undefined 
{
  "url": "https://app.slack.com/clog/track/",
  "method": "POST",
  "status_code": 200
}
[06/05/23, 13:14:00:385] info: Store: SET_SYSTEM_IDLE idle
[06/05/23, 13:14:40:412] info: Store: SET_SYSTEM_IDLE active
[06/05/23, 13:15:00:415] info: Store: SET_SYSTEM_IDLE idle
[06/05/23, 13:15:10:416] info: Store: SET_SYSTEM_IDLE active
[06/05/23, 13:15:30:427] info: Store: SET_SYSTEM_IDLE idle
[06/05/23, 13:15:40:431] info: Store: SET_SYSTEM_IDLE active
[06/05/23, 13:17:50:508] info: Store: SET_SYSTEM_IDLE idle
[06/05/23, 13:20:30:596] info: Store: SET_SYSTEM_IDLE active
[06/05/23, 13:20:50:599] info: Store: SET_SYSTEM_IDLE idle
[06/05/23, 13:21:00:600] info: Store: SET_SYSTEM_IDLE active
[06/05/23, 13:21:50:630] info: Store: SET_SYSTEM_IDLE idle
[06/05/23, 13:22:10:633] info: Store: SET_SYSTEM_IDLE active
[06/05/23, 13:22:40:652] info: Store: SET_SYSTEM_IDLE idle
[06/05/23, 13:23:00:666] info: Store: SET_SYSTEM_IDLE active
[06/05/23, 13:23:30:682] info: Store: SET_SYSTEM_IDLE idle
[06/05/23, 13:23:40:684] info: Store: SET_SYSTEM_IDLE active
[06/05/23, 13:25:10:734] info: Store: SET_SYSTEM_IDLE idle
[06/05/23, 13:25:30:736] info: Store: SET_SYSTEM_IDLE active
[06/05/23, 13:26:00:755] info: Store: SET_SYSTEM_IDLE idle
[06/05/23, 13:26:20:769] info: Store: SET_SYSTEM_IDLE active
[06/05/23, 13:26:40:771] info: Store: SET_SYSTEM_IDLE idle
[06/05/23, 13:27:10:785] info: Store: SET_SYSTEM_IDLE active
[06/05/23, 13:28:20:821] info: Store: SET_SYSTEM_IDLE idle
[06/05/23, 13:30:10:889] info: Store: SET_SYSTEM_IDLE active
[06/05/23, 13:30:30:899] info: Store: SET_SYSTEM_IDLE idle
[06/05/23, 13:37:01:140] info: Store: SET_SYSTEM_IDLE active
[06/05/23, 13:38:21:183] info: Store: SET_SYSTEM_IDLE idle
[06/05/23, 13:43:11:367] info: Store: SET_SYSTEM_IDLE active
[06/05/23, 13:45:31:462] info: Store: SET_SYSTEM_IDLE idle
[06/05/23, 13:46:51:508] info: Store: SET_SYSTEM_IDLE active
[06/05/23, 13:50:08:423] info: Feature Check: requesting features from https://app.slack.com/api/ 
[06/05/23, 13:50:08:575] info: Breadcrumb: electron.net: undefined 
{
  "url": "https://app.slack.com/api//desktop.features",
  "method": "GET",
  "status_code": 200
}
[06/05/23, 13:50:08:597] info: Feature Check: received experiments 
{
  "ok": true,
  "experiments": []
}
[06/05/23, 13:50:51:668] info: Store: SET_SYSTEM_IDLE idle
[06/05/23, 13:51:01:670] info: Store: SET_SYSTEM_IDLE active
[06/05/23, 13:51:41:695] info: Store: SET_SYSTEM_IDLE idle
[06/05/23, 13:51:51:697] info: Store: SET_SYSTEM_IDLE active
[06/05/23, 13:55:11:811] info: Store: SET_SYSTEM_IDLE idle
[06/05/23, 13:58:41:945] info: Store: SET_SYSTEM_IDLE active
[06/05/23, 14:03:22:120] info: Store: SET_SYSTEM_IDLE idle
[06/05/23, 14:03:32:121] info: Store: SET_SYSTEM_IDLE active
[06/05/23, 14:04:42:160] info: Store: SET_SYSTEM_IDLE idle
[06/05/23, 14:07:12:244] info: Store: SET_SYSTEM_IDLE active
[06/05/23, 14:14:22:523] info: Store: SET_SYSTEM_IDLE idle
[06/05/23, 14:16:02:592] info: Store: SET_SYSTEM_IDLE active
[06/05/23, 14:19:02:699] info: Store: SET_SYSTEM_IDLE idle
[06/05/23, 14:19:32:716] info: Store: SET_SYSTEM_IDLE active
[06/05/23, 14:24:12:887] info: Store: SET_SYSTEM_IDLE idle
[06/05/23, 14:25:22:920] info: Store: SET_SYSTEM_IDLE active
[06/05/23, 14:26:22:959] info: Store: SET_SYSTEM_IDLE idle
[06/05/23, 14:26:32:963] info: Store: SET_SYSTEM_IDLE active
[06/05/23, 14:28:33:035] info: Store: SET_SYSTEM_IDLE idle
[06/05/23, 14:32:23:185] info: Store: SET_SYSTEM_IDLE active
[06/05/23, 14:33:13:215] info: Store: SET_SYSTEM_IDLE idle
[06/05/23, 14:33:43:232] info: Store: SET_SYSTEM_IDLE active
[06/05/23, 14:34:13:243] info: Store: SET_SYSTEM_IDLE idle
[06/05/23, 14:40:03:488] info: Store: SET_SYSTEM_IDLE active
[06/05/23, 14:40:23:500] info: Store: SET_SYSTEM_IDLE idle
[06/05/23, 14:41:23:528] info: Store: SET_SYSTEM_IDLE active
[06/05/23, 14:41:43:535] info: Store: SET_SYSTEM_IDLE idle
[06/05/23, 14:44:23:622] info: Store: SET_SYSTEM_IDLE active
[06/05/23, 14:44:53:635] info: Store: SET_SYSTEM_IDLE idle
[06/05/23, 14:45:13:642] info: Store: SET_SYSTEM_IDLE active
[06/05/23, 14:50:08:428] info: Feature Check: requesting features from https://app.slack.com/api/ 
[06/05/23, 14:50:08:571] info: Breadcrumb: electron.net: undefined 
{
  "url": "https://app.slack.com/api//desktop.features",
  "method": "GET",
  "status_code": 200
}
[06/05/23, 14:50:08:593] info: Feature Check: received experiments 
{
  "ok": true,
  "experiments": []
}
[06/05/23, 14:56:34:143] info: Store: SET_SYSTEM_IDLE idle
[06/05/23, 14:56:54:156] info: Store: SET_SYSTEM_IDLE active
[06/05/23, 14:57:34:182] info: Store: SET_SYSTEM_IDLE idle
[06/05/23, 14:57:54:194] info: Store: SET_SYSTEM_IDLE active
[06/05/23, 14:58:54:228] info: Store: SET_SYSTEM_IDLE idle
[06/05/23, 14:59:04:229] info: Store: SET_SYSTEM_IDLE active
[06/05/23, 15:00:24:281] info: Store: SET_SYSTEM_IDLE idle
[06/05/23, 15:00:44:292] info: Store: SET_SYSTEM_IDLE active
[06/05/23, 15:01:34:319] info: Store: SET_SYSTEM_IDLE idle
[06/05/23, 15:01:54:328] info: Store: SET_SYSTEM_IDLE active
[06/05/23, 15:03:04:371] info: Store: SET_SYSTEM_IDLE idle
[06/05/23, 15:07:04:532] info: Store: SET_SYSTEM_IDLE active
[06/05/23, 15:07:24:543] info: Store: SET_SYSTEM_IDLE idle
[06/05/23, 15:07:34:546] info: Store: SET_SYSTEM_IDLE active
[06/05/23, 15:07:54:553] info: Store: SET_SYSTEM_IDLE idle
[06/05/23, 15:08:04:555] info: Store: SET_SYSTEM_IDLE active
[06/05/23, 15:08:24:564] info: Store: SET_SYSTEM_IDLE idle
[06/05/23, 15:08:34:567] info: Store: SET_SYSTEM_IDLE active
[06/05/23, 15:09:14:591] info: Store: SET_SYSTEM_IDLE idle
[06/05/23, 15:09:54:614] info: Store: SET_SYSTEM_IDLE active
[06/05/23, 15:11:14:659] info: Store: SET_SYSTEM_IDLE idle
[06/05/23, 15:13:44:764] info: Store: SET_SYSTEM_IDLE active
[06/05/23, 15:15:24:831] info: Store: SET_SYSTEM_IDLE idle
[06/05/23, 15:16:14:861] info: Store: SET_SYSTEM_IDLE active
[06/05/23, 15:21:05:067] info: Store: SET_SYSTEM_IDLE idle
[06/05/23, 15:21:55:100] info: Store: SET_SYSTEM_IDLE active
[06/05/23, 15:22:45:131] info: Store: SET_SYSTEM_IDLE idle
[06/05/23, 15:23:55:180] info: Store: SET_SYSTEM_IDLE active
[06/05/23, 15:26:35:291] info: Store: SET_SYSTEM_IDLE idle
[06/05/23, 15:27:05:299] info: Store: SET_SYSTEM_IDLE active
[06/05/23, 15:27:25:307] info: Store: SET_SYSTEM_IDLE idle
[06/05/23, 15:28:35:354] info: Store: SET_SYSTEM_IDLE active
[06/05/23, 15:28:55:364] info: Store: SET_SYSTEM_IDLE idle
[06/05/23, 15:29:45:396] info: Store: SET_SYSTEM_IDLE active
[06/05/23, 15:30:05:403] info: Store: SET_SYSTEM_IDLE idle
[06/05/23, 15:30:45:426] info: Store: SET_SYSTEM_IDLE active
[06/05/23, 15:31:05:437] info: Store: SET_SYSTEM_IDLE idle
[06/05/23, 15:31:15:439] info: Store: SET_SYSTEM_IDLE active
[06/05/23, 15:32:15:475] info: Store: SET_SYSTEM_IDLE idle
[06/05/23, 15:34:45:580] info: Store: SET_SYSTEM_IDLE active
[06/05/23, 15:45:26:031] info: Store: SET_SYSTEM_IDLE idle
[06/05/23, 15:45:36:034] info: Store: SET_SYSTEM_IDLE active
[06/05/23, 15:50:08:431] info: Feature Check: requesting features from https://app.slack.com/api/ 
[06/05/23, 15:50:08:583] info: Breadcrumb: electron.net: undefined 
{
  "url": "https://app.slack.com/api//desktop.features",
  "method": "GET",
  "status_code": 200
}
[06/05/23, 15:50:08:605] info: Feature Check: received experiments 
{
  "ok": true,
  "experiments": []
}
[06/05/23, 15:54:46:445] info: Store: SET_SYSTEM_IDLE idle
[06/05/23, 15:54:56:445] info: Store: SET_SYSTEM_IDLE active
[06/05/23, 15:56:36:515] info: Store: SET_SYSTEM_IDLE idle
[06/05/23, 15:57:16:540] info: Store: SET_SYSTEM_IDLE active
[06/05/23, 16:00:47:124] info: Permission request granted: 
{
  "isMainFrame": false,
  "permission": "background-sync",
  "requestingOrigin": "https://slack.com/",
  "requestingUrl": null,
  "securityOrigin": null
}
[06/05/23, 16:00:47:153] info: Store: SET_NETWORK_STATUS offline
[06/05/23, 16:02:12:224] info: Store: SET_NETWORK_STATUS online
[06/05/23, 16:02:31:550] info: Store: SET_SYSTEM_IDLE idle
[06/05/23, 17:55:59:383] info: Store: SET_NETWORK_STATUS offline
[06/05/23, 17:56:02:502] info: Store: SET_SYSTEM_IDLE active
[06/05/23, 17:56:04:142] info: Store: SET_NETWORK_STATUS online
[06/05/23, 18:25:37:324] info: Permission request granted: 
{
  "isMainFrame": false,
  "permission": "background-sync",
  "requestingOrigin": "https://slack.com/",
  "requestingUrl": null,
  "securityOrigin": null
}
[06/05/23, 18:25:37:349] info: Store: SET_NETWORK_STATUS offline
[06/05/23, 18:25:41:130] info: Store: SET_SYSTEM_IDLE idle
[06/05/23, 18:25:42:758] info: Store: SET_NETWORK_STATUS online
[06/05/23, 18:26:01:140] info: Store: SET_SYSTEM_IDLE active
[06/05/23, 18:29:01:257] info: Store: SET_SYSTEM_IDLE idle
[06/05/23, 18:29:11:258] info: Store: SET_SYSTEM_IDLE active
[06/05/23, 18:39:02:966] info: Store: SET_SYSTEM_IDLE idle
[06/05/23, 18:39:22:973] info: Store: SET_SYSTEM_IDLE active
[06/05/23, 18:39:52:990] info: Store: SET_SYSTEM_IDLE idle
[06/05/23, 18:40:02:993] info: Store: SET_SYSTEM_IDLE active
[06/05/23, 18:41:24:785] info: Breadcrumb: electron: window.restore 
{
  "id": 2,
  "url": "https://app.slack.com/client/T059GBV1KRD/C05ALK91916"
}
[06/05/23, 18:41:24:785] info: Store: SET_WINDOW_FRAME 
{
  "id": 2,
  "frame": {
    "isMinimized": false
  },
  "fromEvent": true
}
[06/05/23, 18:41:24:786] info: Store: SET_WINDOW_FRAME 
{
  "id": 2,
  "frame": {
    "bounds": {
      "x": 484,
      "y": 207,
      "width": 1024,
      "height": 768
    }
  },
  "fromEvent": true
}
[06/05/23, 18:41:24:810] info: Breadcrumb: electron: window.focus 
{
  "id": 2,
  "url": "https://app.slack.com/client/T059GBV1KRD/C05ALK91916"
}
[06/05/23, 18:41:24:810] info: Breadcrumb: electron: app.browser-window-focus 
[06/05/23, 18:41:24:810] info: Store: SET_WINDOW_FRAME 
{
  "id": 2,
  "frame": {
    "isFocused": true
  },
  "fromEvent": true
}
[06/05/23, 18:41:25:786] info: Store: UPDATE_SETTINGS 
{
  "mainWindowSettings": {
    "fullScreen": false,
    "maximized": false,
    "bounds": {
      "x": 484,
      "y": 207,
      "width": 1024,
      "height": 768
    }
  }
}
[06/05/23, 18:41:27:178] info: Breadcrumb: electron: window.minimize 
{
  "id": 2,
  "url": "https://app.slack.com/client/T059GBV1KRD/C05ALK91916"
}
[06/05/23, 18:41:27:179] info: Store: SET_WINDOW_FRAME 
{
  "id": 2,
  "frame": {
    "isMinimized": true
  },
  "fromEvent": true
}
[06/05/23, 18:41:27:201] info: Breadcrumb: electron: window.blur 
{
  "id": 2,
  "url": "https://app.slack.com/client/T059GBV1KRD/C05ALK91916"
}
[06/05/23, 18:41:27:201] info: Breadcrumb: electron: app.browser-window-blur 
[06/05/23, 18:41:27:201] info: Store: SET_WINDOW_FRAME 
{
  "id": 2,
  "frame": {
    "isFocused": false
  },
  "fromEvent": true
}
[06/05/23, 18:41:27:221] info: Breadcrumb: electron: window.blur 
{
  "id": 2,
  "url": "https://app.slack.com/client/T059GBV1KRD/C05ALK91916"
}
[06/05/23, 18:41:27:221] info: Breadcrumb: electron: app.browser-window-blur 
[06/05/23, 18:41:48:822] info: Permission request granted: 
{
  "isMainFrame": false,
  "permission": "background-sync",
  "requestingOrigin": "https://slack.com/",
  "requestingUrl": null,
  "securityOrigin": null
}
[06/05/23, 18:41:48:908] info: Store: SET_NETWORK_STATUS offline
[06/05/23, 18:42:03:938] info: Breadcrumb: electron.net: undefined 
{
  "url": "https://app.slack.com/clog/track/",
  "method": "POST"
}
[06/05/23, 18:42:03:939] error: Telemetry: request failed 
{
  "event": "error",
  "error": {
    "stack": "Error: net::ERR_INTERNET_DISCONNECTED\n    at SimpleURLLoaderWrapper.<anonymous> (node:electron/js2c/browser_init:2:49464)\n    at SimpleURLLoaderWrapper.emit (node:events:513:28)\n    at SimpleURLLoaderWrapper.emit (node:domain:489:12)",
    "message": "net::ERR_INTERNET_DISCONNECTED"
  },
  "stackFrameString": "[{\"columnNumber\":49464,\"lineNumber\":2,\"fileName\":\"node:electron/js2c/browser_init\",\"functionName\":\"SimpleURLLoaderWrapper.<anonymous>\",\"source\":\"    at SimpleURLLoaderWrapper.<anonymous> (node:electron/js2c/browser_init:2:49464)\"},{\"columnNumber\":28,\"lineNumber\":513,\"fileName\":\"node:events\",\"functionName\":\"SimpleURLLoaderWrapper.emit\",\"source\":\"    at SimpleURLLoaderWrapper.emit (node:events:513:28)\"},{\"columnNumber\":12,\"lineNumber\":489,\"fileName\":\"node:domain\",\"functionName\":\"SimpleURLLoaderWrapper.emit\",\"source\":\"    at SimpleURLLoaderWrapper.emit (node:domain:489:12)\"}]"
}
[06/06/23, 08:44:15:311] info: Store: SET_SYSTEM_IDLE idle
[06/06/23, 08:44:25:312] info: Store: SET_SYSTEM_IDLE active
[06/06/23, 08:46:35:395] info: Store: SET_SYSTEM_IDLE idle
[06/06/23, 08:47:05:413] info: Store: SET_SYSTEM_IDLE active
