2023-06-06 11:11:35.549 [info] Log level: Info
2023-06-06 11:11:35.549 [info] Validating found git in: "git"
2023-06-06 11:11:35.549 [info] Using git "2.25.1" from "git"
2023-06-06 11:11:35.549 [info] > git rev-parse --show-toplevel [5ms]
2023-06-06 11:11:35.549 [info] > git rev-parse --git-dir --git-common-dir [1ms]
2023-06-06 11:11:35.549 [info] Open repository: /home/dci-student
2023-06-06 11:11:35.549 [info] > git rev-parse --show-toplevel [5ms]
2023-06-06 11:11:35.549 [info] > git config --get commit.template [7ms]
2023-06-06 11:11:35.549 [info] > git rev-parse --show-toplevel [7ms]
2023-06-06 11:11:35.549 [info] No remotes found in the git config file.
2023-06-06 11:11:35.549 [info] > git rev-parse --show-toplevel [7ms]
2023-06-06 11:11:35.549 [info] > git rev-parse --show-toplevel [4ms]
2023-06-06 11:11:35.549 [info] > git for-each-ref --format=%(refname)%00%(upstream:short)%00%(objectname)%00%(upstream:track)%00%(upstream:remotename)%00%(upstream:remoteref) refs/heads/master refs/remotes/master [11ms]
2023-06-06 11:11:35.549 [info] > git rev-parse --show-toplevel [49ms]
2023-06-06 11:11:35.549 [info] > git rev-parse --show-toplevel [2ms]
2023-06-06 11:11:35.549 [info] > git rev-parse --show-toplevel [74ms]
2023-06-06 11:11:35.557 [info] > git status -z -uall [157ms] (cancelled)
2023-06-06 11:11:35.557 [info] > git rev-parse --git-dir --git-common-dir [15ms]
2023-06-06 11:11:35.561 [info] Open repository: /home/dci-student/.nvm
2023-06-06 11:11:35.583 [info] > git rev-parse --show-toplevel [16ms]
2023-06-06 11:11:35.598 [info] > git rev-parse --show-toplevel [10ms]
2023-06-06 11:11:35.605 [info] > git config --get commit.template [22ms]
2023-06-06 11:11:35.609 [info] > git check-ignore -v -z --stdin [32ms]
2023-06-06 11:11:35.610 [info] > git rev-parse --show-toplevel [6ms]
2023-06-06 11:11:35.624 [info] > git rev-parse --show-toplevel [8ms]
2023-06-06 11:11:35.631 [info] > git rev-parse --show-toplevel [2ms]
2023-06-06 11:11:35.637 [info] > git for-each-ref --format %(refname) %(objectname) %(*objectname) refs/tags [13ms]
2023-06-06 11:11:35.642 [info] > git rev-parse --show-toplevel [6ms]
2023-06-06 11:11:35.647 [info] > git status -z -uall [6ms]
2023-06-06 11:11:35.656 [info] > git rev-parse --show-toplevel [9ms]
2023-06-06 11:11:35.663 [info] > git rev-parse --show-toplevel [2ms]
2023-06-06 11:11:35.668 [info] > git config --get commit.template [13ms]
2023-06-06 11:11:35.670 [info] > git rev-parse --show-toplevel [3ms]
2023-06-06 11:11:35.688 [info] > git for-each-ref --format %(refname) %(objectname) %(*objectname) refs/tags [6ms]
2023-06-06 11:11:35.694 [info] > git rev-parse --show-toplevel [18ms]
2023-06-06 11:11:35.700 [info] > git status -z -uall [7ms]
2023-06-06 11:11:35.704 [info] > git rev-parse --show-toplevel [5ms]
2023-06-06 11:11:35.720 [info] > git rev-parse --show-toplevel [11ms]
2023-06-06 11:11:35.736 [info] > git rev-parse --show-toplevel [11ms]
2023-06-06 11:11:35.745 [info] > git rev-parse --show-toplevel [2ms]
2023-06-06 11:11:35.763 [info] > git rev-parse --show-toplevel [13ms]
2023-06-06 11:11:35.905 [info] > git show --textconv :Notes.md [13ms]
2023-06-06 11:11:35.917 [info] > git ls-files --stage -- /home/dci-student/Notes.md [18ms]
2023-06-06 11:11:35.924 [info] > git check-ignore -v -z --stdin [20ms]
2023-06-06 11:11:35.925 [info] > git cat-file -s 8d5d0b2b484d165a6617b02be37b7db90cb6d56e [2ms]
2023-06-06 11:12:31.765 [info] > git show --textconv :exercise [6ms]
2023-06-06 11:12:31.769 [info] > git ls-files --stage -- /home/dci-student/exercise [5ms]
2023-06-06 11:12:32.043 [info] > git check-ignore -v -z --stdin [3ms]
