0 verbose cli /home/dci-student/.nvm/versions/node/v19.8.1/bin/node /home/dci-student/.nvm/versions/node/v19.8.1/bin/npm
1 info using npm@9.5.1
2 info using node@v19.8.1
3 timing npm:load:whichnode Completed in 1ms
4 timing config:load:defaults Completed in 1ms
5 timing config:load:file:/home/dci-student/.nvm/versions/node/v19.8.1/lib/node_modules/npm/npmrc Completed in 0ms
6 timing config:load:builtin Completed in 1ms
7 timing config:load:cli Completed in 1ms
8 timing config:load:env Completed in 1ms
9 timing config:load:project Completed in 0ms
10 timing config:load:file:/home/dci-student/.npmrc Completed in 0ms
11 timing config:load:user Completed in 0ms
12 timing config:load:file:/home/dci-student/.nvm/versions/node/v19.8.1/etc/npmrc Completed in 0ms
13 timing config:load:global Completed in 1ms
14 timing config:load:setEnvs Completed in 0ms
15 timing config:load Completed in 5ms
16 timing npm:load:configload Completed in 5ms
17 timing npm:load:mkdirpcache Completed in 1ms
18 timing npm:load:mkdirplogs Completed in 0ms
19 verbose title npm install Robin
20 verbose argv "install" "--global" "Robin"
21 timing npm:load:setTitle Completed in 0ms
22 timing config:load:flatten Completed in 1ms
23 timing npm:load:display Completed in 2ms
24 verbose logfile logs-max:10 dir:/home/dci-student/.npm/_logs/2023-06-05T16_37_09_006Z-
25 verbose logfile /home/dci-student/.npm/_logs/2023-06-05T16_37_09_006Z-debug-0.log
26 timing npm:load:logFile Completed in 3ms
27 timing npm:load:timers Completed in 0ms
28 timing npm:load:configScope Completed in 0ms
29 timing npm:load Completed in 13ms
30 timing config:load:flatten Completed in 0ms
31 timing arborist:ctor Completed in 1ms
32 silly logfile start cleaning logs, removing 1 files
33 silly logfile done cleaning log files
34 timing idealTree:init Completed in 4ms
35 timing idealTree:userRequests Completed in 2ms
36 silly idealTree buildDeps
37 silly fetch manifest Robin@*
38 http fetch GET 404 https://registry.npmjs.org/Robin 139ms (cache skip)
39 http fetch GET 404 https://registry.npmjs.org/Robin 37ms (cache skip)
40 silly placeDep ROOT Robin@ OK for:  want: *
41 timing idealTree:#root Completed in 182ms
42 timing idealTree:node_modules/Robin Completed in 0ms
43 timing idealTree:buildDeps Completed in 184ms
44 timing idealTree:fixDepFlags Completed in 0ms
45 timing idealTree Completed in 191ms
46 timing command:install Completed in 198ms
47 verbose stack HttpErrorGeneral: 404 Not Found - GET https://registry.npmjs.org/Robin - Not found
47 verbose stack     at /home/dci-student/.nvm/versions/node/v19.8.1/lib/node_modules/npm/node_modules/npm-registry-fetch/lib/check-response.js:95:15
47 verbose stack     at process.processTicksAndRejections (node:internal/process/task_queues:95:5)
47 verbose stack     at async RegistryFetcher.packument (/home/dci-student/.nvm/versions/node/v19.8.1/lib/node_modules/npm/node_modules/pacote/lib/registry.js:87:19)
47 verbose stack     at async RegistryFetcher.manifest (/home/dci-student/.nvm/versions/node/v19.8.1/lib/node_modules/npm/node_modules/pacote/lib/registry.js:118:23)
47 verbose stack     at async [nodeFromEdge] (/home/dci-student/.nvm/versions/node/v19.8.1/lib/node_modules/npm/node_modules/@npmcli/arborist/lib/arborist/build-ideal-tree.js:1059:19)
47 verbose stack     at async [buildDepStep] (/home/dci-student/.nvm/versions/node/v19.8.1/lib/node_modules/npm/node_modules/@npmcli/arborist/lib/arborist/build-ideal-tree.js:929:11)
47 verbose stack     at async Arborist.buildIdealTree (/home/dci-student/.nvm/versions/node/v19.8.1/lib/node_modules/npm/node_modules/@npmcli/arborist/lib/arborist/build-ideal-tree.js:207:7)
47 verbose stack     at async Arborist.reify (/home/dci-student/.nvm/versions/node/v19.8.1/lib/node_modules/npm/node_modules/@npmcli/arborist/lib/arborist/reify.js:159:5)
47 verbose stack     at async Install.exec (/home/dci-student/.nvm/versions/node/v19.8.1/lib/node_modules/npm/lib/commands/install.js:146:5)
47 verbose stack     at async module.exports (/home/dci-student/.nvm/versions/node/v19.8.1/lib/node_modules/npm/lib/cli.js:134:5)
48 verbose statusCode 404
49 verbose pkgid Robin@*
50 verbose cwd /home/dci-student
51 verbose Linux 5.15.0-69-generic
52 verbose node v19.8.1
53 verbose npm  v9.5.1
54 error code E404
55 error 404 Not Found - GET https://registry.npmjs.org/Robin - Not found
56 error 404
57 error 404  'Robin@*' is not in this registry.
58 error 404 This package name is not valid, because 
59 error 404  1. name can no longer contain capital letters
60 error 404
60 error 404 Note that you can also install from a
61 error 404 tarball, folder, http url, or git url.
62 verbose exit 1
63 timing npm Completed in 224ms
64 verbose unfinished npm timer reify 1685983029031
65 verbose unfinished npm timer reify:loadTrees 1685983029034
66 verbose code 1
67 error A complete log of this run can be found in:
67 error     /home/dci-student/.npm/_logs/2023-06-05T16_37_09_006Z-debug-0.log
