2023-06-06 09:40:00.684 [info] Log level: Info
2023-06-06 09:40:00.684 [info] Validating found git in: "git"
2023-06-06 09:40:00.684 [info] Using git "2.25.1" from "git"
2023-06-06 09:40:00.684 [info] > git rev-parse --show-toplevel [7ms]
2023-06-06 09:40:00.684 [info] fatal: not a git repository (or any of the parent directories): .git
2023-06-06 09:40:00.684 [info] > git rev-parse --show-toplevel [5ms]
2023-06-06 09:40:00.684 [info] fatal: not a git repository (or any of the parent directories): .git
2023-06-06 09:40:00.684 [info] > git rev-parse --show-toplevel [8ms]
2023-06-06 09:40:00.684 [info] fatal: not a git repository (or any of the parent directories): .git
2023-06-06 09:40:00.685 [info] > git rev-parse --show-toplevel [52ms]
2023-06-06 09:40:00.685 [info] fatal: not a git repository (or any of the parent directories): .git
2023-06-06 09:40:00.753 [info] > git rev-parse --show-toplevel [64ms]
2023-06-06 09:40:00.753 [info] fatal: not a git repository (or any of the parent directories): .git
2023-06-06 09:40:00.772 [info] > git rev-parse --show-toplevel [16ms]
2023-06-06 09:40:00.772 [info] fatal: not a git repository (or any of the parent directories): .git
2023-06-06 09:40:00.787 [info] > git rev-parse --show-toplevel [9ms]
2023-06-06 09:40:00.787 [info] fatal: not a git repository (or any of the parent directories): .git
2023-06-06 09:40:00.801 [info] > git rev-parse --show-toplevel [9ms]
2023-06-06 09:40:00.801 [info] fatal: not a git repository (or any of the parent directories): .git
2023-06-06 09:40:00.806 [info] > git rev-parse --show-toplevel [1ms]
2023-06-06 09:40:00.806 [info] fatal: not a git repository (or any of the parent directories): .git
2023-06-06 09:40:00.819 [info] > git rev-parse --show-toplevel [3ms]
2023-06-06 09:40:00.828 [info] > git rev-parse --git-dir --git-common-dir [2ms]
2023-06-06 09:40:00.835 [info] Open repository: /home/dci-student/.nvm
2023-06-06 09:40:00.853 [info] > git rev-parse --show-toplevel [10ms]
2023-06-06 09:40:00.853 [info] fatal: not a git repository (or any of the parent directories): .git
2023-06-06 09:40:00.872 [info] > git rev-parse --show-toplevel [14ms]
2023-06-06 09:40:00.872 [info] fatal: not a git repository (or any of the parent directories): .git
2023-06-06 09:40:00.879 [info] > git config --get commit.template [26ms]
2023-06-06 09:40:00.888 [info] > git rev-parse --show-toplevel [10ms]
2023-06-06 09:40:00.888 [info] fatal: not a git repository (or any of the parent directories): .git
2023-06-06 09:40:00.905 [info] > git rev-parse --show-toplevel [12ms]
2023-06-06 09:40:00.905 [info] fatal: not a git repository (or any of the parent directories): .git
2023-06-06 09:40:00.912 [info] > git for-each-ref --format %(refname) %(objectname) %(*objectname) refs/tags [9ms]
2023-06-06 09:40:00.928 [info] > git rev-parse --show-toplevel [17ms]
2023-06-06 09:40:00.928 [info] fatal: not a git repository (or any of the parent directories): .git
2023-06-06 09:40:00.936 [info] > git status -z -uall [16ms]
2023-06-06 09:40:00.937 [info] > git rev-parse --show-toplevel [2ms]
2023-06-06 09:40:00.937 [info] fatal: not a git repository (or any of the parent directories): .git
2023-06-06 09:40:00.955 [info] > git rev-parse --show-toplevel [11ms]
2023-06-06 09:40:00.955 [info] fatal: not a git repository (or any of the parent directories): .git
2023-06-06 09:40:00.962 [info] > git config --get commit.template [8ms]
2023-06-06 09:40:00.967 [info] > git rev-parse --show-toplevel [7ms]
2023-06-06 09:40:00.967 [info] fatal: not a git repository (or any of the parent directories): .git
2023-06-06 09:40:00.984 [info] > git rev-parse --show-toplevel [11ms]
2023-06-06 09:40:00.984 [info] fatal: not a git repository (or any of the parent directories): .git
2023-06-06 09:40:00.991 [info] > git for-each-ref --format %(refname) %(objectname) %(*objectname) refs/tags [8ms]
2023-06-06 09:40:00.999 [info] > git rev-parse --show-toplevel [9ms]
2023-06-06 09:40:00.999 [info] fatal: not a git repository (or any of the parent directories): .git
2023-06-06 09:40:01.005 [info] > git status -z -uall [7ms]
2023-06-06 09:40:01.007 [info] > git rev-parse --show-toplevel [2ms]
2023-06-06 09:40:01.007 [info] fatal: not a git repository (or any of the parent directories): .git
2023-06-06 09:40:01.016 [info] > git rev-parse --show-toplevel [1ms]
2023-06-06 09:40:01.017 [info] fatal: not a git repository (or any of the parent directories): .git
2023-06-06 09:40:01.023 [info] > git rev-parse --show-toplevel [0ms]
2023-06-06 09:40:01.023 [info] fatal: not a git repository (or any of the parent directories): .git
2023-06-06 09:40:01.032 [info] > git rev-parse --show-toplevel [1ms]
2023-06-06 09:40:01.032 [info] fatal: not a git repository (or any of the parent directories): .git
2023-06-06 09:40:01.038 [info] > git rev-parse --show-toplevel [1ms]
2023-06-06 09:40:01.038 [info] fatal: not a git repository (or any of the parent directories): .git
2023-06-06 09:40:01.047 [info] > git rev-parse --show-toplevel [3ms]
2023-06-06 09:40:01.047 [info] fatal: not a git repository (or any of the parent directories): .git
2023-06-06 09:40:01.053 [info] > git rev-parse --show-toplevel [1ms]
2023-06-06 09:40:01.053 [info] fatal: not a git repository (or any of the parent directories): .git
2023-06-06 09:43:49.791 [info] > git rev-parse --show-toplevel [3ms]
2023-06-06 09:43:49.792 [info] fatal: not a git repository (or any of the parent directories): .git
2023-06-06 09:43:49.798 [info] > git rev-parse --show-toplevel [1ms]
2023-06-06 09:43:49.798 [info] fatal: not a git repository (or any of the parent directories): .git
2023-06-06 09:43:56.613 [info] > git rev-parse --show-toplevel [1ms]
2023-06-06 09:43:56.613 [info] fatal: not a git repository (or any of the parent directories): .git
2023-06-06 09:44:31.374 [info] > git check-ignore -v -z --stdin [3ms]
2023-06-06 09:45:44.045 [info] > git check-ignore -v -z --stdin [4ms]
2023-06-06 09:45:58.087 [info] > git rev-parse --show-toplevel [1ms]
2023-06-06 09:45:58.087 [info] fatal: not a git repository (or any of the parent directories): .git
2023-06-06 09:47:49.879 [info] > git rev-parse --show-toplevel [1ms]
2023-06-06 09:47:49.887 [info] > git rev-parse --git-dir --git-common-dir [1ms]
2023-06-06 09:47:49.896 [info] Open repository: /home/dci-student
2023-06-06 09:47:49.904 [info] > git config --get commit.template [1ms]
2023-06-06 09:47:49.908 [info] No remotes found in the git config file.
2023-06-06 09:47:49.909 [info] > git for-each-ref --format=%(refname)%00%(upstream:short)%00%(objectname)%00%(upstream:track)%00%(upstream:remotename)%00%(upstream:remoteref) refs/heads/master refs/remotes/master [1ms]
2023-06-06 09:47:49.975 [info] > git status -z -uall [61ms] (cancelled)
2023-06-06 09:47:49.975 [info] > git check-ignore -v -z --stdin [2ms]
2023-06-06 09:47:50.239 [info] > git show --textconv :Notes.md [15ms]
2023-06-06 09:47:50.242 [info] > git ls-files --stage -- /home/dci-student/Notes.md [4ms]
2023-06-06 09:47:50.431 [info] > git check-ignore -v -z --stdin [1ms]
2023-06-06 09:48:09.447 [info] > git config --get commit.template [1ms]
2023-06-06 09:48:09.457 [info] No remotes found in the git config file.
2023-06-06 09:48:09.460 [info] > git for-each-ref --format=%(refname)%00%(upstream:short)%00%(objectname)%00%(upstream:track)%00%(upstream:remotename)%00%(upstream:remoteref) refs/heads/master refs/remotes/master [4ms]
2023-06-06 09:48:09.524 [info] > git status -z -uall [56ms] (cancelled)
2023-06-06 09:48:09.525 [info] > git check-ignore -v -z --stdin [4ms]
2023-06-06 09:48:10.149 [info] > git check-ignore -v -z --stdin [2ms]
2023-06-06 09:53:21.004 [info] > git check-ignore -v -z --stdin [10ms]
2023-06-06 09:53:23.628 [info] > git show --textconv :story.txt [7ms]
2023-06-06 09:53:23.629 [info] > git ls-files --stage -- /home/dci-student/story.txt [2ms]
2023-06-06 09:53:26.608 [info] > git show --textconv :story2.txt [9ms]
2023-06-06 09:53:26.609 [info] > git ls-files --stage -- /home/dci-student/story2.txt [2ms]
2023-06-06 09:53:36.374 [info] > git show --textconv :story.txt [10ms]
2023-06-06 09:53:36.375 [info] > git ls-files --stage -- /home/dci-student/story.txt [2ms]
2023-06-06 09:53:43.984 [info] > git show --textconv :story2.txt [11ms]
2023-06-06 09:53:43.985 [info] > git ls-files --stage -- /home/dci-student/story2.txt [2ms]
2023-06-06 09:58:08.274 [info] > git show --textconv :story.txt [10ms]
2023-06-06 09:58:08.276 [info] > git ls-files --stage -- /home/dci-student/story.txt [3ms]
2023-06-06 09:59:27.790 [info] > git check-ignore -v -z --stdin [5ms]
2023-06-06 10:02:45.177 [info] > git ls-files --stage -- /home/dci-student/Notes.md [8ms]
2023-06-06 10:02:45.183 [info] > git ls-files --stage -- /home/dci-student/story.txt [7ms]
2023-06-06 10:02:45.189 [info] > git cat-file -s e69de29bb2d1d6434b8b29ae775ad8c2e48c5391 [7ms]
2023-06-06 10:02:45.191 [info] > git cat-file -s e69de29bb2d1d6434b8b29ae775ad8c2e48c5391 [3ms]
2023-06-06 10:02:45.203 [info] > git show --textconv :Notes.md [8ms]
2023-06-06 10:02:45.204 [info] > git show --textconv :story.txt [2ms]
2023-06-06 10:08:59.381 [info] > git config --get commit.template [0ms]
2023-06-06 10:08:59.386 [info] > git for-each-ref --format %(refname) %(objectname) %(*objectname) refs/tags [1ms]
2023-06-06 10:08:59.395 [info] > git status -z -uall [3ms]
2023-06-06 10:08:59.483 [info] > git ls-files --stage -- /home/dci-student/Notes.md [7ms]
2023-06-06 10:08:59.487 [info] > git cat-file -s e69de29bb2d1d6434b8b29ae775ad8c2e48c5391 [1ms]
2023-06-06 10:08:59.487 [info] > git ls-files --stage -- /home/dci-student/story.txt [4ms]
2023-06-06 10:08:59.499 [info] > git cat-file -s e69de29bb2d1d6434b8b29ae775ad8c2e48c5391 [6ms]
2023-06-06 10:08:59.501 [info] > git show --textconv :Notes.md [3ms]
2023-06-06 10:08:59.509 [info] > git show --textconv :story.txt [3ms]
2023-06-06 10:18:01.397 [info] > git ls-files --stage -- /home/dci-student/Notes.md [14ms]
2023-06-06 10:18:01.405 [info] > git ls-files --stage -- /home/dci-student/story.txt [11ms]
2023-06-06 10:18:01.411 [info] > git cat-file -s e69de29bb2d1d6434b8b29ae775ad8c2e48c5391 [1ms]
2023-06-06 10:18:01.412 [info] > git cat-file -s e69de29bb2d1d6434b8b29ae775ad8c2e48c5391 [8ms]
2023-06-06 10:18:01.426 [info] > git show --textconv :story.txt [5ms]
2023-06-06 10:18:01.429 [info] > git show --textconv :Notes.md [3ms]
2023-06-06 10:23:16.509 [info] > git ls-files --stage -- /home/dci-student/Notes.md [12ms]
2023-06-06 10:23:16.516 [info] > git ls-files --stage -- /home/dci-student/story.txt [7ms]
2023-06-06 10:23:16.520 [info] > git cat-file -s e69de29bb2d1d6434b8b29ae775ad8c2e48c5391 [4ms]
2023-06-06 10:23:16.521 [info] > git cat-file -s e69de29bb2d1d6434b8b29ae775ad8c2e48c5391 [1ms]
2023-06-06 10:23:16.533 [info] > git show --textconv :Notes.md [7ms]
2023-06-06 10:23:16.536 [info] > git show --textconv :story.txt [4ms]
2023-06-06 10:24:22.931 [info] > git ls-files --stage -- /home/dci-student/Notes.md [13ms]
2023-06-06 10:24:22.936 [info] > git ls-files --stage -- /home/dci-student/story.txt [6ms]
2023-06-06 10:24:22.940 [info] > git cat-file -s e69de29bb2d1d6434b8b29ae775ad8c2e48c5391 [5ms]
2023-06-06 10:24:22.941 [info] > git cat-file -s e69de29bb2d1d6434b8b29ae775ad8c2e48c5391 [1ms]
2023-06-06 10:24:22.956 [info] > git show --textconv :Notes.md [7ms]
2023-06-06 10:24:22.958 [info] > git show --textconv :story.txt [3ms]
2023-06-06 10:25:22.790 [info] > git ls-files --stage -- /home/dci-student/Notes.md [9ms]
2023-06-06 10:25:22.798 [info] > git ls-files --stage -- /home/dci-student/story.txt [9ms]
2023-06-06 10:25:22.802 [info] > git cat-file -s e69de29bb2d1d6434b8b29ae775ad8c2e48c5391 [5ms]
2023-06-06 10:25:22.803 [info] > git cat-file -s e69de29bb2d1d6434b8b29ae775ad8c2e48c5391 [1ms]
2023-06-06 10:25:22.817 [info] > git show --textconv :Notes.md [8ms]
2023-06-06 10:25:22.818 [info] > git show --textconv :story.txt [2ms]
2023-06-06 10:25:42.938 [info] > git ls-files --stage -- /home/dci-student/Notes.md [14ms]
2023-06-06 10:25:42.949 [info] > git cat-file -s e69de29bb2d1d6434b8b29ae775ad8c2e48c5391 [1ms]
2023-06-06 10:25:42.950 [info] > git ls-files --stage -- /home/dci-student/story.txt [13ms]
2023-06-06 10:25:42.964 [info] > git cat-file -s e69de29bb2d1d6434b8b29ae775ad8c2e48c5391 [8ms]
2023-06-06 10:25:42.970 [info] > git show --textconv :Notes.md [6ms]
2023-06-06 10:25:42.972 [info] > git show --textconv :story.txt [2ms]
2023-06-06 10:27:47.758 [info] > git ls-files --stage -- /home/dci-student/Notes.md [10ms]
2023-06-06 10:27:47.766 [info] > git cat-file -s e69de29bb2d1d6434b8b29ae775ad8c2e48c5391 [1ms]
2023-06-06 10:27:47.767 [info] > git ls-files --stage -- /home/dci-student/story.txt [9ms]
2023-06-06 10:27:47.774 [info] > git cat-file -s e69de29bb2d1d6434b8b29ae775ad8c2e48c5391 [1ms]
2023-06-06 10:27:47.785 [info] > git show --textconv :Notes.md [6ms]
2023-06-06 10:27:47.788 [info] > git show --textconv :story.txt [3ms]
2023-06-06 10:44:46.888 [info] > git ls-files --stage -- /home/dci-student/Notes.md [5ms]
2023-06-06 10:44:46.894 [info] > git cat-file -s e69de29bb2d1d6434b8b29ae775ad8c2e48c5391 [1ms]
2023-06-06 10:44:46.895 [info] > git ls-files --stage -- /home/dci-student/story.txt [7ms]
2023-06-06 10:44:46.903 [info] > git cat-file -s e69de29bb2d1d6434b8b29ae775ad8c2e48c5391 [5ms]
2023-06-06 10:44:46.908 [info] > git show --textconv :Notes.md [6ms]
2023-06-06 10:44:46.910 [info] > git show --textconv :story.txt [2ms]
2023-06-06 10:53:29.571 [info] > git ls-files --stage -- /home/dci-student/Notes.md [9ms]
2023-06-06 10:53:29.577 [info] > git ls-files --stage -- /home/dci-student/story.txt [8ms]
2023-06-06 10:53:29.582 [info] > git cat-file -s e69de29bb2d1d6434b8b29ae775ad8c2e48c5391 [6ms]
2023-06-06 10:53:29.583 [info] > git cat-file -s e69de29bb2d1d6434b8b29ae775ad8c2e48c5391 [1ms]
2023-06-06 10:53:29.592 [info] > git show --textconv :Notes.md [5ms]
2023-06-06 10:53:29.595 [info] > git show --textconv :story.txt [3ms]
2023-06-06 10:55:14.120 [info] > git ls-files --stage -- /home/dci-student/Notes.md [12ms]
2023-06-06 10:55:14.127 [info] > git cat-file -s e69de29bb2d1d6434b8b29ae775ad8c2e48c5391 [0ms]
2023-06-06 10:55:14.128 [info] > git ls-files --stage -- /home/dci-student/story.txt [8ms]
2023-06-06 10:55:14.138 [info] > git cat-file -s e69de29bb2d1d6434b8b29ae775ad8c2e48c5391 [6ms]
2023-06-06 10:55:14.145 [info] > git show --textconv :Notes.md [7ms]
2023-06-06 10:55:14.148 [info] > git show --textconv :story.txt [3ms]
2023-06-06 10:55:20.877 [info] > git ls-files --stage -- /home/dci-student/Notes.md [13ms]
2023-06-06 10:55:20.882 [info] > git ls-files --stage -- /home/dci-student/story.txt [9ms]
2023-06-06 10:55:20.886 [info] > git cat-file -s e69de29bb2d1d6434b8b29ae775ad8c2e48c5391 [4ms]
2023-06-06 10:55:20.887 [info] > git cat-file -s e69de29bb2d1d6434b8b29ae775ad8c2e48c5391 [1ms]
2023-06-06 10:55:20.898 [info] > git show --textconv :Notes.md [5ms]
2023-06-06 10:55:20.900 [info] > git show --textconv :story.txt [2ms]
2023-06-06 10:59:49.431 [info] > git ls-files --stage -- /home/dci-student/Notes.md [8ms]
2023-06-06 10:59:49.437 [info] > git ls-files --stage -- /home/dci-student/story.txt [7ms]
2023-06-06 10:59:49.442 [info] > git cat-file -s e69de29bb2d1d6434b8b29ae775ad8c2e48c5391 [0ms]
2023-06-06 10:59:49.443 [info] > git cat-file -s e69de29bb2d1d6434b8b29ae775ad8c2e48c5391 [7ms]
2023-06-06 10:59:49.458 [info] > git show --textconv :story.txt [9ms]
2023-06-06 10:59:49.460 [info] > git show --textconv :Notes.md [2ms]
2023-06-06 11:03:14.046 [info] > git ls-files --stage -- /home/dci-student/Notes.md [6ms]
2023-06-06 11:03:14.054 [info] > git cat-file -s e69de29bb2d1d6434b8b29ae775ad8c2e48c5391 [1ms]
2023-06-06 11:03:14.055 [info] > git ls-files --stage -- /home/dci-student/story.txt [9ms]
2023-06-06 11:03:14.070 [info] > git cat-file -s e69de29bb2d1d6434b8b29ae775ad8c2e48c5391 [6ms]
2023-06-06 11:03:14.076 [info] > git show --textconv :Notes.md [7ms]
2023-06-06 11:03:14.078 [info] > git show --textconv :story.txt [3ms]
2023-06-06 11:04:57.899 [info] > git ls-files --stage -- /home/dci-student/Notes.md [10ms]
2023-06-06 11:04:57.906 [info] > git ls-files --stage -- /home/dci-student/story.txt [9ms]
2023-06-06 11:04:57.913 [info] > git cat-file -s e69de29bb2d1d6434b8b29ae775ad8c2e48c5391 [1ms]
2023-06-06 11:04:57.914 [info] > git cat-file -s 8d5d0b2b484d165a6617b02be37b7db90cb6d56e [9ms]
2023-06-06 11:04:57.933 [info] > git show --textconv :story.txt [10ms]
2023-06-06 11:04:57.936 [info] > git show --textconv :Notes.md [3ms]
2023-06-06 11:06:45.985 [info] > git check-ignore -v -z --stdin [9ms]
2023-06-06 11:06:55.866 [info] > git check-ignore -v -z --stdin [11ms]
2023-06-06 11:07:01.200 [info] > git check-ignore -v -z --stdin [22ms]
2023-06-06 11:08:31.027 [info] > git show --textconv :.node_repl_history [12ms]
2023-06-06 11:08:31.030 [info] > git ls-files --stage -- /home/dci-student/.node_repl_history [4ms]
2023-06-06 11:08:31.037 [info] > git cat-file -s 263c5fd74ff827d670be3c1d8967910d82134d34 [1ms]
