2023-06-06 11:08:44.984 [info] Log level: Info
2023-06-06 11:08:44.984 [info] Validating found git in: "git"
2023-06-06 11:08:44.984 [info] Using git "2.25.1" from "git"
2023-06-06 11:08:44.988 [info] > git rev-parse --show-toplevel [5ms]
2023-06-06 11:08:45.009 [info] > git rev-parse --git-dir --git-common-dir [9ms]
2023-06-06 11:08:45.017 [info] Open repository: /home/dci-student
2023-06-06 11:08:45.034 [info] > git rev-parse --show-toplevel [12ms]
2023-06-06 11:08:45.042 [info] > git rev-parse --show-toplevel [3ms]
2023-06-06 11:08:45.050 [info] > git config --get commit.template [16ms]
2023-06-06 11:08:45.111 [info] > git rev-parse --show-toplevel [63ms]
2023-06-06 11:08:45.133 [info] No remotes found in the git config file.
2023-06-06 11:08:45.134 [info] > git rev-parse --show-toplevel [18ms]
2023-06-06 11:08:45.167 [info] > git rev-parse --show-toplevel [28ms]
2023-06-06 11:08:45.171 [info] > git for-each-ref --format=%(refname)%00%(upstream:short)%00%(objectname)%00%(upstream:track)%00%(upstream:remotename)%00%(upstream:remoteref) refs/heads/master refs/remotes/master [38ms]
2023-06-06 11:08:45.185 [info] > git rev-parse --show-toplevel [15ms]
2023-06-06 11:08:45.197 [info] > git rev-parse --show-toplevel [3ms]
2023-06-06 11:08:45.208 [info] > git rev-parse --git-dir --git-common-dir [7ms]
2023-06-06 11:08:45.216 [info] Open repository: /home/dci-student/.nvm
2023-06-06 11:08:45.236 [info] > git rev-parse --show-toplevel [10ms]
2023-06-06 11:08:45.245 [info] > git config --get commit.template [10ms]
2023-06-06 11:08:45.246 [info] > git rev-parse --show-toplevel [1ms]
2023-06-06 11:08:45.269 [info] > git for-each-ref --format %(refname) %(objectname) %(*objectname) refs/tags [5ms]
2023-06-06 11:08:45.275 [info] > git rev-parse --show-toplevel [21ms]
2023-06-06 11:08:45.298 [info] > git status -z -uall [23ms]
2023-06-06 11:08:45.299 [info] > git rev-parse --show-toplevel [13ms]
2023-06-06 11:08:45.320 [info] > git status -z -uall [137ms] (cancelled)
2023-06-06 11:08:45.320 [info] > git rev-parse --show-toplevel [11ms]
2023-06-06 11:08:45.342 [info] > git rev-parse --show-toplevel [15ms]
2023-06-06 11:08:45.350 [info] > git config --get commit.template [32ms]
2023-06-06 11:08:45.351 [info] > git rev-parse --show-toplevel [1ms]
2023-06-06 11:08:45.367 [info] > git check-ignore -v -z --stdin [29ms]
2023-06-06 11:08:45.369 [info] > git rev-parse --show-toplevel [14ms]
2023-06-06 11:08:45.379 [info] > git for-each-ref --format %(refname) %(objectname) %(*objectname) refs/tags [13ms]
2023-06-06 11:08:45.387 [info] > git rev-parse --show-toplevel [9ms]
2023-06-06 11:08:45.396 [info] > git status -z -uall [10ms]
2023-06-06 11:08:45.399 [info] > git rev-parse --show-toplevel [4ms]
2023-06-06 11:08:45.403 [info] > git rev-parse --show-toplevel [1ms]
2023-06-06 11:08:45.409 [info] > git rev-parse --show-toplevel [1ms]
2023-06-06 11:08:45.418 [info] > git rev-parse --show-toplevel [2ms]
2023-06-06 11:08:45.426 [info] > git rev-parse --show-toplevel [1ms]
2023-06-06 11:08:45.435 [info] > git rev-parse --show-toplevel [1ms]
2023-06-06 11:08:45.654 [info] > git check-ignore -v -z --stdin [11ms]
2023-06-06 11:08:45.721 [info] > git show --textconv :.node_repl_history [8ms]
2023-06-06 11:08:45.735 [info] > git ls-files --stage -- /home/dci-student/.node_repl_history [16ms]
2023-06-06 11:08:45.743 [info] > git cat-file -s 263c5fd74ff827d670be3c1d8967910d82134d34 [2ms]
2023-06-06 11:08:53.932 [info] > git show --textconv :Notes.md [18ms]
2023-06-06 11:08:53.937 [info] > git ls-files --stage -- /home/dci-student/Notes.md [5ms]
2023-06-06 11:08:53.953 [info] > git cat-file -s 8d5d0b2b484d165a6617b02be37b7db90cb6d56e [1ms]
