2023-06-06 09:35:14.356 [info] Log level: Info
2023-06-06 09:35:14.356 [info] Validating found git in: "git"
2023-06-06 09:35:14.356 [info] Using git "2.25.1" from "git"
2023-06-06 09:35:14.356 [info] > git rev-parse --show-toplevel [28ms]
2023-06-06 09:35:14.356 [info] fatal: not a git repository (or any of the parent directories): .git
2023-06-06 09:35:14.357 [info] > git rev-parse --show-toplevel [14ms]
2023-06-06 09:35:14.357 [info] fatal: not a git repository (or any of the parent directories): .git
2023-06-06 09:35:14.362 [info] > git rev-parse --show-toplevel [1ms]
2023-06-06 09:35:14.362 [info] fatal: not a git repository (or any of the parent directories): .git
2023-06-06 09:35:14.367 [info] > git rev-parse --show-toplevel [1ms]
2023-06-06 09:35:14.367 [info] fatal: not a git repository (or any of the parent directories): .git
2023-06-06 09:35:14.373 [info] > git rev-parse --show-toplevel [1ms]
2023-06-06 09:35:14.373 [info] fatal: not a git repository (or any of the parent directories): .git
2023-06-06 09:35:14.377 [info] > git rev-parse --show-toplevel [1ms]
2023-06-06 09:35:14.377 [info] fatal: not a git repository (or any of the parent directories): .git
2023-06-06 09:35:14.381 [info] > git rev-parse --show-toplevel [1ms]
2023-06-06 09:35:14.381 [info] fatal: not a git repository (or any of the parent directories): .git
2023-06-06 09:35:14.388 [info] > git rev-parse --show-toplevel [2ms]
2023-06-06 09:35:14.394 [info] > git rev-parse --git-dir --git-common-dir [1ms]
2023-06-06 09:35:14.405 [info] Open repository: /home/dci-student/.nvm
2023-06-06 09:35:14.417 [info] > git rev-parse --show-toplevel [6ms]
2023-06-06 09:35:14.417 [info] fatal: not a git repository (or any of the parent directories): .git
2023-06-06 09:35:14.425 [info] > git rev-parse --show-toplevel [2ms]
2023-06-06 09:35:14.425 [info] fatal: not a git repository (or any of the parent directories): .git
2023-06-06 09:35:14.429 [info] > git config --get commit.template [12ms]
2023-06-06 09:35:14.434 [info] > git rev-parse --show-toplevel [4ms]
2023-06-06 09:35:14.434 [info] fatal: not a git repository (or any of the parent directories): .git
2023-06-06 09:35:14.443 [info] > git rev-parse --show-toplevel [5ms]
2023-06-06 09:35:14.443 [info] fatal: not a git repository (or any of the parent directories): .git
2023-06-06 09:35:14.447 [info] > git for-each-ref --format %(refname) %(objectname) %(*objectname) refs/tags [6ms]
2023-06-06 09:35:14.455 [info] > git rev-parse --show-toplevel [9ms]
2023-06-06 09:35:14.455 [info] fatal: not a git repository (or any of the parent directories): .git
2023-06-06 09:35:14.460 [info] > git rev-parse --show-toplevel [1ms]
2023-06-06 09:35:14.460 [info] fatal: not a git repository (or any of the parent directories): .git
2023-06-06 09:35:14.465 [info] > git rev-parse --show-toplevel [0ms]
2023-06-06 09:35:14.465 [info] fatal: not a git repository (or any of the parent directories): .git
2023-06-06 09:35:14.470 [info] > git rev-parse --show-toplevel [1ms]
2023-06-06 09:35:14.470 [info] fatal: not a git repository (or any of the parent directories): .git
2023-06-06 09:35:14.474 [info] > git status -z -uall [21ms]
2023-06-06 09:35:14.483 [info] > git rev-parse --show-toplevel [9ms]
2023-06-06 09:35:14.483 [info] fatal: not a git repository (or any of the parent directories): .git
2023-06-06 09:35:14.488 [info] > git rev-parse --show-toplevel [1ms]
2023-06-06 09:35:14.489 [info] fatal: not a git repository (or any of the parent directories): .git
2023-06-06 09:35:14.493 [info] > git config --get commit.template [9ms]
2023-06-06 09:35:14.494 [info] > git rev-parse --show-toplevel [2ms]
2023-06-06 09:35:14.494 [info] fatal: not a git repository (or any of the parent directories): .git
2023-06-06 09:35:14.504 [info] > git rev-parse --show-toplevel [5ms]
2023-06-06 09:35:14.504 [info] fatal: not a git repository (or any of the parent directories): .git
2023-06-06 09:35:14.509 [info] > git rev-parse --show-toplevel [1ms]
2023-06-06 09:35:14.509 [info] fatal: not a git repository (or any of the parent directories): .git
2023-06-06 09:35:14.515 [info] > git for-each-ref --format %(refname) %(objectname) %(*objectname) refs/tags [12ms]
2023-06-06 09:35:14.522 [info] > git rev-parse --show-toplevel [7ms]
2023-06-06 09:35:14.522 [info] fatal: not a git repository (or any of the parent directories): .git
2023-06-06 09:35:14.526 [info] > git status -z -uall [5ms]
2023-06-06 09:35:14.528 [info] > git rev-parse --show-toplevel [3ms]
2023-06-06 09:35:14.528 [info] fatal: not a git repository (or any of the parent directories): .git
2023-06-06 09:35:14.944 [info] > git check-ignore -v -z --stdin [2ms]
