2023-06-06 11:15:41.140 [info] Log level: Info
2023-06-06 11:15:41.140 [info] Validating found git in: "git"
2023-06-06 11:15:41.140 [info] Using git "2.25.1" from "git"
2023-06-06 11:15:41.140 [info] > git rev-parse --show-toplevel [5ms]
2023-06-06 11:15:41.140 [info] > git rev-parse --git-dir --git-common-dir [2ms]
2023-06-06 11:15:41.140 [info] Open repository: /home/dci-student
2023-06-06 11:15:41.140 [info] > git rev-parse --show-toplevel [6ms]
2023-06-06 11:15:41.140 [info] > git rev-parse --show-toplevel [4ms]
2023-06-06 11:15:41.140 [info] > git config --get commit.template [10ms]
2023-06-06 11:15:41.140 [info] > git rev-parse --show-toplevel [4ms]
2023-06-06 11:15:41.140 [info] No remotes found in the git config file.
2023-06-06 11:15:41.140 [info] > git rev-parse --show-toplevel [7ms]
2023-06-06 11:15:41.140 [info] > git for-each-ref --format=%(refname)%00%(upstream:short)%00%(objectname)%00%(upstream:track)%00%(upstream:remotename)%00%(upstream:remoteref) refs/heads/master refs/remotes/master [4ms]
2023-06-06 11:15:41.140 [info] > git rev-parse --show-toplevel [4ms]
2023-06-06 11:15:41.140 [info] > git rev-parse --show-toplevel [4ms]
2023-06-06 11:15:41.140 [info] > git rev-parse --show-toplevel [1ms]
2023-06-06 11:15:41.140 [info] > git rev-parse --git-dir --git-common-dir [1ms]
2023-06-06 11:15:41.140 [info] Open repository: /home/dci-student/.nvm
2023-06-06 11:15:41.140 [info] > git rev-parse --show-toplevel [6ms]
2023-06-06 11:15:41.140 [info] > git config --get commit.template [5ms]
2023-06-06 11:15:41.140 [info] > git rev-parse --show-toplevel [5ms]
2023-06-06 11:15:41.140 [info] > git for-each-ref --format %(refname) %(objectname) %(*objectname) refs/tags [6ms]
2023-06-06 11:15:41.140 [info] > git rev-parse --show-toplevel [6ms]
2023-06-06 11:15:41.140 [info] > git status -z -uall [4ms]
2023-06-06 11:15:41.140 [info] > git rev-parse --show-toplevel [8ms]
2023-06-06 11:15:41.140 [info] > git rev-parse --show-toplevel [39ms]
2023-06-06 11:15:41.140 [info] > git config --get commit.template [47ms]
2023-06-06 11:15:41.140 [info] > git rev-parse --show-toplevel [17ms]
2023-06-06 11:15:41.142 [info] > git rev-parse --show-toplevel [7ms]
2023-06-06 11:15:41.151 [info] > git rev-parse --show-toplevel [6ms]
2023-06-06 11:15:41.154 [info] > git for-each-ref --format %(refname) %(objectname) %(*objectname) refs/tags [14ms]
2023-06-06 11:15:41.260 [info] > git status -z -uall [248ms] (cancelled)
2023-06-06 11:15:41.261 [info] > git status -z -uall [104ms]
2023-06-06 11:15:41.262 [info] > git rev-parse --show-toplevel [108ms]
2023-06-06 11:15:41.276 [info] > git rev-parse --show-toplevel [11ms]
2023-06-06 11:15:41.286 [info] > git rev-parse --show-toplevel [6ms]
2023-06-06 11:15:41.291 [info] > git config --get commit.template [17ms]
2023-06-06 11:15:41.292 [info] > git rev-parse --show-toplevel [2ms]
2023-06-06 11:15:41.872 [info] No remotes found in the git config file.
2023-06-06 11:15:41.885 [info] > git rev-parse --show-toplevel [590ms]
2023-06-06 11:15:41.899 [info] > git rev-parse --show-toplevel [8ms]
2023-06-06 11:15:41.903 [info] > git for-each-ref --format=%(refname)%00%(upstream:short)%00%(objectname)%00%(upstream:track)%00%(upstream:remotename)%00%(upstream:remoteref) refs/heads/master refs/remotes/master [31ms]
2023-06-06 11:15:41.921 [info] > git check-ignore -v -z --stdin [24ms]
2023-06-06 11:15:41.922 [info] > git rev-parse --show-toplevel [19ms]
2023-06-06 11:15:41.927 [info] > git rev-parse --show-toplevel [2ms]
2023-06-06 11:15:42.007 [info] > git show --textconv :exercise [7ms]
2023-06-06 11:15:42.015 [info] > git ls-files --stage -- /home/dci-student/exercise [9ms]
2023-06-06 11:15:42.134 [info] > git status -z -uall [225ms] (cancelled)
2023-06-06 11:16:37.952 [info] > git ls-files --stage -- /home/dci-student/exercise [6ms]
2023-06-06 11:16:37.965 [info] > git show --textconv :exercise [3ms]
2023-06-06 11:17:15.425 [info] > git log --format=%H%n%aN%n%aE%n%at%n%ct%n%P%n%D%n%B -z -n120 -- /home/dci-student/exercise [1ms]
2023-06-06 11:17:15.425 [info] fatal: your current branch 'master' does not have any commits yet
2023-06-06 11:17:32.641 [info] > git check-ignore -v -z --stdin [4ms]
2023-06-06 11:19:16.646 [info] > git ls-files --stage -- /home/dci-student/exercise [6ms]
2023-06-06 11:19:16.658 [info] > git show --textconv :exercise [2ms]
2023-06-06 11:27:21.485 [info] > git check-ignore -v -z --stdin [7ms]
2023-06-06 11:27:30.483 [info] > git log --format=%H%n%aN%n%aE%n%at%n%ct%n%P%n%D%n%B -z -n120 -- /home/dci-student/exercise [1ms]
2023-06-06 11:27:30.484 [info] fatal: your current branch 'master' does not have any commits yet
2023-06-06 11:27:34.290 [info] > git check-ignore -v -z --stdin [9ms]
2023-06-06 11:27:35.712 [info] > git check-ignore -v -z --stdin [7ms]
2023-06-06 11:27:40.194 [info] > git log --format=%H%n%aN%n%aE%n%at%n%ct%n%P%n%D%n%B -z -n120 -- /home/dci-student/files.md [2ms]
2023-06-06 11:27:40.195 [info] fatal: your current branch 'master' does not have any commits yet
2023-06-06 11:27:40.673 [info] > git show --textconv :files.md [15ms]
2023-06-06 11:27:40.678 [info] > git ls-files --stage -- /home/dci-student/files.md [7ms]
2023-06-06 11:27:40.708 [info] > git cat-file -s e69de29bb2d1d6434b8b29ae775ad8c2e48c5391 [18ms]
2023-06-06 11:28:09.279 [info] > git ls-files --stage -- /home/dci-student/exercise [9ms]
2023-06-06 11:28:09.286 [info] > git ls-files --stage -- /home/dci-student/files.md [8ms]
2023-06-06 11:28:09.291 [info] > git show --textconv :exercise [5ms]
2023-06-06 11:28:09.292 [info] > git cat-file -s e69de29bb2d1d6434b8b29ae775ad8c2e48c5391 [1ms]
2023-06-06 11:28:09.301 [info] > git show --textconv :files.md [3ms]
2023-06-06 11:28:16.996 [info] > git check-ignore -v -z --stdin [11ms]
2023-06-06 11:28:51.913 [info] > git check-ignore -v -z --stdin [6ms]
