2023-06-06 11:10:35.888 [info] Log level: Info
2023-06-06 11:10:35.888 [info] Validating found git in: "git"
2023-06-06 11:10:35.888 [info] Using git "2.25.1" from "git"
2023-06-06 11:10:35.888 [info] > git rev-parse --show-toplevel [7ms]
2023-06-06 11:10:35.888 [info] > git rev-parse --git-dir --git-common-dir [1ms]
2023-06-06 11:10:35.888 [info] Open repository: /home/dci-student
2023-06-06 11:10:35.888 [info] > git rev-parse --show-toplevel [5ms]
2023-06-06 11:10:35.888 [info] > git config --get commit.template [7ms]
2023-06-06 11:10:35.888 [info] > git rev-parse --show-toplevel [6ms]
2023-06-06 11:10:35.888 [info] No remotes found in the git config file.
2023-06-06 11:10:35.888 [info] > git rev-parse --show-toplevel [19ms]
2023-06-06 11:10:35.888 [info] > git for-each-ref --format=%(refname)%00%(upstream:short)%00%(objectname)%00%(upstream:track)%00%(upstream:remotename)%00%(upstream:remoteref) refs/heads/master refs/remotes/master [4ms]
2023-06-06 11:10:35.888 [info] > git rev-parse --show-toplevel [5ms]
2023-06-06 11:10:35.888 [info] > git rev-parse --show-toplevel [0ms]
2023-06-06 11:10:35.888 [info] > git rev-parse --show-toplevel [2ms]
2023-06-06 11:10:35.888 [info] > git rev-parse --show-toplevel [1ms]
2023-06-06 11:10:35.888 [info] > git rev-parse --git-dir --git-common-dir [1ms]
2023-06-06 11:10:35.888 [info] Open repository: /home/dci-student/.nvm
2023-06-06 11:10:35.888 [info] > git config --get commit.template [3ms]
2023-06-06 11:10:35.888 [info] > git rev-parse --show-toplevel [10ms]
2023-06-06 11:10:35.888 [info] > git rev-parse --show-toplevel [15ms]
2023-06-06 11:10:35.888 [info] > git for-each-ref --format %(refname) %(objectname) %(*objectname) refs/tags [7ms]
2023-06-06 11:10:35.888 [info] > git rev-parse --show-toplevel [11ms]
2023-06-06 11:10:35.888 [info] > git status -z -uall [5ms]
2023-06-06 11:10:35.888 [info] > git rev-parse --show-toplevel [11ms]
2023-06-06 11:10:35.888 [info] > git config --get commit.template [6ms]
2023-06-06 11:10:35.888 [info] > git rev-parse --show-toplevel [4ms]
2023-06-06 11:10:35.888 [info] > git rev-parse --show-toplevel [6ms]
2023-06-06 11:10:35.888 [info] > git rev-parse --show-toplevel [1ms]
2023-06-06 11:10:35.888 [info] > git for-each-ref --format %(refname) %(objectname) %(*objectname) refs/tags [8ms]
2023-06-06 11:10:35.888 [info] > git status -z -uall [143ms] (cancelled)
2023-06-06 11:10:35.888 [info] > git status -z -uall [4ms]
2023-06-06 11:10:35.888 [info] > git rev-parse --show-toplevel [11ms]
2023-06-06 11:10:35.888 [info] > git rev-parse --show-toplevel [60ms]
2023-06-06 11:10:35.888 [info] > git rev-parse --show-toplevel [65ms]
2023-06-06 11:10:35.889 [info] > git check-ignore -v -z --stdin [97ms]
2023-06-06 11:10:35.892 [info] > git rev-parse --show-toplevel [23ms]
2023-06-06 11:10:35.903 [info] > git rev-parse --show-toplevel [3ms]
2023-06-06 11:10:35.913 [info] > git rev-parse --show-toplevel [2ms]
2023-06-06 11:10:35.918 [info] > git rev-parse --show-toplevel [1ms]
2023-06-06 11:10:35.926 [info] > git rev-parse --show-toplevel [0ms]
2023-06-06 11:10:36.330 [info] > git check-ignore -v -z --stdin [11ms]
2023-06-06 11:10:36.424 [info] > git show --textconv :Notes.md [8ms]
2023-06-06 11:10:36.432 [info] > git ls-files --stage -- /home/dci-student/Notes.md [9ms]
2023-06-06 11:10:36.449 [info] > git cat-file -s 8d5d0b2b484d165a6617b02be37b7db90cb6d56e [10ms]
